This is pdfTeX, Version 3.14159265-2.6-1.40.16 (TeX Live 2015/Debian) (preloaded format=pdflatex 2017.12.13)  18 JAN 2018 13:18
entering extended mode
 restricted \write18 enabled.
 %&-line parsing enabled.
**AI_Forum_slides.tex
(./AI_Forum_slides.tex
LaTeX2e <2016/02/01>
Babel <3.9q> and hyphenation patterns for 3 language(s) loaded.
(/usr/share/texlive/texmf-dist/tex/latex/beamer/beamer.cls
(/usr/share/texlive/texmf-dist/tex/latex/beamer/beamerbasercs.sty
Package: beamerbasercs 2015/03/08 (rcs-revision 368aa9ba9d38)
)
Document Class: beamer 2015/01/05 3.36 A class for typesetting presentations (r
cs-revision 8a39122e1f63)
(/usr/share/texlive/texmf-dist/tex/latex/beamer/beamerbasemodes.sty
Package: beamerbasemodes 2013/09/03 (rcs-revision 768f2d98ca64)
\beamer@tempbox=\box26
\beamer@tempcount=\count79
\c@beamerpauses=\count80

(/usr/share/texlive/texmf-dist/tex/latex/beamer/beamerbasedecode.sty
Package: beamerbasedecode 2010/05/01 (rcs-revision efa082c6111d)
\beamer@slideinframe=\count81
\beamer@minimum=\count82
)
\beamer@commentbox=\box27
\beamer@modecount=\count83
)
(/usr/share/texlive/texmf-dist/tex/generic/oberdiek/ifpdf.sty
Package: ifpdf 2011/01/30 v2.3 Provides the ifpdf switch (HO)
Package ifpdf Info: pdfTeX in PDF mode is detected.
)
\headheight=\dimen102
\headdp=\dimen103
\footheight=\dimen104
\sidebarheight=\dimen105
\beamer@tempdim=\dimen106
\beamer@finalheight=\dimen107
\beamer@animht=\dimen108
\beamer@animdp=\dimen109
\beamer@animwd=\dimen110
\beamer@leftmargin=\dimen111
\beamer@rightmargin=\dimen112
\beamer@leftsidebar=\dimen113
\beamer@rightsidebar=\dimen114
\beamer@boxsize=\dimen115
\beamer@vboxoffset=\dimen116
\beamer@descdefault=\dimen117
\beamer@descriptionwidth=\dimen118
\beamer@lastskip=\skip41
\beamer@areabox=\box28
\beamer@animcurrent=\box29
\beamer@animshowbox=\box30
\beamer@sectionbox=\box31
\beamer@logobox=\box32
\beamer@linebox=\box33
\beamer@sectioncount=\count84
\beamer@subsubsectionmax=\count85
\beamer@subsectionmax=\count86
\beamer@sectionmax=\count87
\beamer@totalheads=\count88
\beamer@headcounter=\count89
\beamer@partstartpage=\count90
\beamer@sectionstartpage=\count91
\beamer@subsectionstartpage=\count92
\beamer@animationtempa=\count93
\beamer@animationtempb=\count94
\beamer@xpos=\count95
\beamer@ypos=\count96
\beamer@showpartnumber=\count97
\beamer@currentsubsection=\count98
\beamer@coveringdepth=\count99
\beamer@sectionadjust=\count100
\beamer@tocsectionnumber=\count101

(/usr/share/texlive/texmf-dist/tex/latex/beamer/beamerbaseoptions.sty
Package: beamerbaseoptions 2013/03/10 (rcs-revision 47431932db0d)

(/usr/share/texlive/texmf-dist/tex/latex/graphics/keyval.sty
Package: keyval 2014/10/28 v1.15 key=value parser (DPC)
\KV@toks@=\toks14
))
\beamer@paperwidth=\skip42
\beamer@paperheight=\skip43

(/usr/share/texlive/texmf-dist/tex/latex/geometry/geometry.sty
Package: geometry 2010/09/12 v5.6 Page Geometry

(/usr/share/texlive/texmf-dist/tex/generic/oberdiek/ifvtex.sty
Package: ifvtex 2010/03/01 v1.5 Detect VTeX and its facilities (HO)
Package ifvtex Info: VTeX not detected.
)
(/usr/share/texlive/texmf-dist/tex/generic/ifxetex/ifxetex.sty
Package: ifxetex 2010/09/12 v0.6 Provides ifxetex conditional
)
\Gm@cnth=\count102
\Gm@cntv=\count103
\c@Gm@tempcnt=\count104
\Gm@bindingoffset=\dimen119
\Gm@wd@mp=\dimen120
\Gm@odd@mp=\dimen121
\Gm@even@mp=\dimen122
\Gm@layoutwidth=\dimen123
\Gm@layoutheight=\dimen124
\Gm@layouthoffset=\dimen125
\Gm@layoutvoffset=\dimen126
\Gm@dimlist=\toks15
)
(/usr/share/texlive/texmf-dist/tex/latex/base/size11.clo
File: size11.clo 2014/09/29 v1.4h Standard LaTeX file (size option)
)
(/usr/share/texlive/texmf-dist/tex/latex/pgf/basiclayer/pgfcore.sty
(/usr/share/texlive/texmf-dist/tex/latex/graphics/graphicx.sty
Package: graphicx 2014/10/28 v1.0g Enhanced LaTeX Graphics (DPC,SPQR)

(/usr/share/texlive/texmf-dist/tex/latex/graphics/graphics.sty
Package: graphics 2016/01/03 v1.0q Standard LaTeX Graphics (DPC,SPQR)

(/usr/share/texlive/texmf-dist/tex/latex/graphics/trig.sty
Package: trig 2016/01/03 v1.10 sin cos tan (DPC)
)
(/usr/share/texlive/texmf-dist/tex/latex/latexconfig/graphics.cfg
File: graphics.cfg 2010/04/23 v1.9 graphics configuration of TeX Live
)
Package graphics Info: Driver file: pdftex.def on input line 95.

(/usr/share/texlive/texmf-dist/tex/latex/pdftex-def/pdftex.def
File: pdftex.def 2011/05/27 v0.06d Graphics/color for pdfTeX

(/usr/share/texlive/texmf-dist/tex/generic/oberdiek/infwarerr.sty
Package: infwarerr 2010/04/08 v1.3 Providing info/warning/error messages (HO)
)
(/usr/share/texlive/texmf-dist/tex/generic/oberdiek/ltxcmds.sty
Package: ltxcmds 2011/11/09 v1.22 LaTeX kernel commands for general use (HO)
)
\Gread@gobject=\count105
))
\Gin@req@height=\dimen127
\Gin@req@width=\dimen128
)
(/usr/share/texlive/texmf-dist/tex/latex/pgf/systemlayer/pgfsys.sty
(/usr/share/texlive/texmf-dist/tex/latex/pgf/utilities/pgfrcs.sty
(/usr/share/texlive/texmf-dist/tex/generic/pgf/utilities/pgfutil-common.tex
\pgfutil@everybye=\toks16
\pgfutil@tempdima=\dimen129
\pgfutil@tempdimb=\dimen130

(/usr/share/texlive/texmf-dist/tex/generic/pgf/utilities/pgfutil-common-lists.t
ex)) (/usr/share/texlive/texmf-dist/tex/generic/pgf/utilities/pgfutil-latex.def
\pgfutil@abb=\box34
(/usr/share/texlive/texmf-dist/tex/latex/ms/everyshi.sty
Package: everyshi 2001/05/15 v3.00 EveryShipout Package (MS)
))
(/usr/share/texlive/texmf-dist/tex/generic/pgf/utilities/pgfrcs.code.tex
Package: pgfrcs 2015/08/07 v3.0.1a (rcs-revision 1.31)
))
(/usr/share/texlive/texmf-dist/tex/generic/pgf/systemlayer/pgfsys.code.tex
Package: pgfsys 2014/07/09 v3.0.1a (rcs-revision 1.48)

(/usr/share/texlive/texmf-dist/tex/generic/pgf/utilities/pgfkeys.code.tex
\pgfkeys@pathtoks=\toks17
\pgfkeys@temptoks=\toks18

(/usr/share/texlive/texmf-dist/tex/generic/pgf/utilities/pgfkeysfiltered.code.t
ex
\pgfkeys@tmptoks=\toks19
))
\pgf@x=\dimen131
\pgf@y=\dimen132
\pgf@xa=\dimen133
\pgf@ya=\dimen134
\pgf@xb=\dimen135
\pgf@yb=\dimen136
\pgf@xc=\dimen137
\pgf@yc=\dimen138
\w@pgf@writea=\write3
\r@pgf@reada=\read1
\c@pgf@counta=\count106
\c@pgf@countb=\count107
\c@pgf@countc=\count108
\c@pgf@countd=\count109
\t@pgf@toka=\toks20
\t@pgf@tokb=\toks21
\t@pgf@tokc=\toks22
 (/usr/share/texlive/texmf-dist/tex/generic/pgf/systemlayer/pgf.cfg
File: pgf.cfg 2008/05/14  (rcs-revision 1.7)
)
Driver file for pgf: pgfsys-pdftex.def

(/usr/share/texlive/texmf-dist/tex/generic/pgf/systemlayer/pgfsys-pdftex.def
File: pgfsys-pdftex.def 2014/10/11  (rcs-revision 1.35)

(/usr/share/texlive/texmf-dist/tex/generic/pgf/systemlayer/pgfsys-common-pdf.de
f
File: pgfsys-common-pdf.def 2013/10/10  (rcs-revision 1.13)
)))
(/usr/share/texlive/texmf-dist/tex/generic/pgf/systemlayer/pgfsyssoftpath.code.
tex
File: pgfsyssoftpath.code.tex 2013/09/09  (rcs-revision 1.9)
\pgfsyssoftpath@smallbuffer@items=\count110
\pgfsyssoftpath@bigbuffer@items=\count111
)
(/usr/share/texlive/texmf-dist/tex/generic/pgf/systemlayer/pgfsysprotocol.code.
tex
File: pgfsysprotocol.code.tex 2006/10/16  (rcs-revision 1.4)
)) (/usr/share/texlive/texmf-dist/tex/latex/xcolor/xcolor.sty
Package: xcolor 2007/01/21 v2.11 LaTeX color extensions (UK)

(/usr/share/texlive/texmf-dist/tex/latex/latexconfig/color.cfg
File: color.cfg 2007/01/18 v1.5 color configuration of teTeX/TeXLive
)
Package xcolor Info: Driver file: pdftex.def on input line 225.
Package xcolor Info: Model `cmy' substituted by `cmy0' on input line 1337.
Package xcolor Info: Model `hsb' substituted by `rgb' on input line 1341.
Package xcolor Info: Model `RGB' extended on input line 1353.
Package xcolor Info: Model `HTML' substituted by `rgb' on input line 1355.
Package xcolor Info: Model `Hsb' substituted by `hsb' on input line 1356.
Package xcolor Info: Model `tHsb' substituted by `hsb' on input line 1357.
Package xcolor Info: Model `HSB' substituted by `hsb' on input line 1358.
Package xcolor Info: Model `Gray' substituted by `gray' on input line 1359.
Package xcolor Info: Model `wave' substituted by `hsb' on input line 1360.
)
(/usr/share/texlive/texmf-dist/tex/generic/pgf/basiclayer/pgfcore.code.tex
Package: pgfcore 2010/04/11 v3.0.1a (rcs-revision 1.7)

(/usr/share/texlive/texmf-dist/tex/generic/pgf/math/pgfmath.code.tex
(/usr/share/texlive/texmf-dist/tex/generic/pgf/math/pgfmathcalc.code.tex
(/usr/share/texlive/texmf-dist/tex/generic/pgf/math/pgfmathutil.code.tex)
(/usr/share/texlive/texmf-dist/tex/generic/pgf/math/pgfmathparser.code.tex
\pgfmath@dimen=\dimen139
\pgfmath@count=\count112
\pgfmath@box=\box35
\pgfmath@toks=\toks23
\pgfmath@stack@operand=\toks24
\pgfmath@stack@operation=\toks25
)
(/usr/share/texlive/texmf-dist/tex/generic/pgf/math/pgfmathfunctions.code.tex
(/usr/share/texlive/texmf-dist/tex/generic/pgf/math/pgfmathfunctions.basic.code
.tex)
(/usr/share/texlive/texmf-dist/tex/generic/pgf/math/pgfmathfunctions.trigonomet
ric.code.tex)
(/usr/share/texlive/texmf-dist/tex/generic/pgf/math/pgfmathfunctions.random.cod
e.tex)
(/usr/share/texlive/texmf-dist/tex/generic/pgf/math/pgfmathfunctions.comparison
.code.tex)
(/usr/share/texlive/texmf-dist/tex/generic/pgf/math/pgfmathfunctions.base.code.
tex)
(/usr/share/texlive/texmf-dist/tex/generic/pgf/math/pgfmathfunctions.round.code
.tex)
(/usr/share/texlive/texmf-dist/tex/generic/pgf/math/pgfmathfunctions.misc.code.
tex)
(/usr/share/texlive/texmf-dist/tex/generic/pgf/math/pgfmathfunctions.integerari
thmetics.code.tex)))
(/usr/share/texlive/texmf-dist/tex/generic/pgf/math/pgfmathfloat.code.tex
\c@pgfmathroundto@lastzeros=\count113
))
(/usr/share/texlive/texmf-dist/tex/generic/pgf/basiclayer/pgfcorepoints.code.te
x
File: pgfcorepoints.code.tex 2013/10/07  (rcs-revision 1.27)
\pgf@picminx=\dimen140
\pgf@picmaxx=\dimen141
\pgf@picminy=\dimen142
\pgf@picmaxy=\dimen143
\pgf@pathminx=\dimen144
\pgf@pathmaxx=\dimen145
\pgf@pathminy=\dimen146
\pgf@pathmaxy=\dimen147
\pgf@xx=\dimen148
\pgf@xy=\dimen149
\pgf@yx=\dimen150
\pgf@yy=\dimen151
\pgf@zx=\dimen152
\pgf@zy=\dimen153
)
(/usr/share/texlive/texmf-dist/tex/generic/pgf/basiclayer/pgfcorepathconstruct.
code.tex
File: pgfcorepathconstruct.code.tex 2013/10/07  (rcs-revision 1.29)
\pgf@path@lastx=\dimen154
\pgf@path@lasty=\dimen155
)
(/usr/share/texlive/texmf-dist/tex/generic/pgf/basiclayer/pgfcorepathusage.code
.tex
File: pgfcorepathusage.code.tex 2014/11/02  (rcs-revision 1.24)
\pgf@shorten@end@additional=\dimen156
\pgf@shorten@start@additional=\dimen157
)
(/usr/share/texlive/texmf-dist/tex/generic/pgf/basiclayer/pgfcorescopes.code.te
x
File: pgfcorescopes.code.tex 2015/05/08  (rcs-revision 1.46)
\pgfpic=\box36
\pgf@hbox=\box37
\pgf@layerbox@main=\box38
\pgf@picture@serial@count=\count114
)
(/usr/share/texlive/texmf-dist/tex/generic/pgf/basiclayer/pgfcoregraphicstate.c
ode.tex
File: pgfcoregraphicstate.code.tex 2014/11/02  (rcs-revision 1.12)
\pgflinewidth=\dimen158
)
(/usr/share/texlive/texmf-dist/tex/generic/pgf/basiclayer/pgfcoretransformation
s.code.tex
File: pgfcoretransformations.code.tex 2015/08/07  (rcs-revision 1.20)
\pgf@pt@x=\dimen159
\pgf@pt@y=\dimen160
\pgf@pt@temp=\dimen161
)
(/usr/share/texlive/texmf-dist/tex/generic/pgf/basiclayer/pgfcorequick.code.tex
File: pgfcorequick.code.tex 2008/10/09  (rcs-revision 1.3)
)
(/usr/share/texlive/texmf-dist/tex/generic/pgf/basiclayer/pgfcoreobjects.code.t
ex
File: pgfcoreobjects.code.tex 2006/10/11  (rcs-revision 1.2)
)
(/usr/share/texlive/texmf-dist/tex/generic/pgf/basiclayer/pgfcorepathprocessing
.code.tex
File: pgfcorepathprocessing.code.tex 2013/09/09  (rcs-revision 1.9)
)
(/usr/share/texlive/texmf-dist/tex/generic/pgf/basiclayer/pgfcorearrows.code.te
x
File: pgfcorearrows.code.tex 2015/05/14  (rcs-revision 1.43)
\pgfarrowsep=\dimen162
)
(/usr/share/texlive/texmf-dist/tex/generic/pgf/basiclayer/pgfcoreshade.code.tex
File: pgfcoreshade.code.tex 2013/07/15  (rcs-revision 1.15)
\pgf@max=\dimen163
\pgf@sys@shading@range@num=\count115
)
(/usr/share/texlive/texmf-dist/tex/generic/pgf/basiclayer/pgfcoreimage.code.tex
File: pgfcoreimage.code.tex 2013/07/15  (rcs-revision 1.18)

(/usr/share/texlive/texmf-dist/tex/generic/pgf/basiclayer/pgfcoreexternal.code.
tex
File: pgfcoreexternal.code.tex 2014/07/09  (rcs-revision 1.21)
\pgfexternal@startupbox=\box39
))
(/usr/share/texlive/texmf-dist/tex/generic/pgf/basiclayer/pgfcorelayers.code.te
x
File: pgfcorelayers.code.tex 2013/07/18  (rcs-revision 1.7)
)
(/usr/share/texlive/texmf-dist/tex/generic/pgf/basiclayer/pgfcoretransparency.c
ode.tex
File: pgfcoretransparency.code.tex 2013/09/30  (rcs-revision 1.5)
)
(/usr/share/texlive/texmf-dist/tex/generic/pgf/basiclayer/pgfcorepatterns.code.
tex
File: pgfcorepatterns.code.tex 2013/11/07  (rcs-revision 1.5)
))) (/usr/share/texlive/texmf-dist/tex/latex/pgf/utilities/xxcolor.sty
Package: xxcolor 2003/10/24 ver 0.1
\XC@nummixins=\count116
\XC@countmixins=\count117
)
(/usr/share/texlive/texmf-dist/tex/generic/oberdiek/atbegshi.sty
Package: atbegshi 2011/10/05 v1.16 At begin shipout hook (HO)
)
(/usr/share/texlive/texmf-dist/tex/latex/hyperref/hyperref.sty
Package: hyperref 2012/11/06 v6.83m Hypertext links for LaTeX

(/usr/share/texlive/texmf-dist/tex/generic/oberdiek/hobsub-hyperref.sty
Package: hobsub-hyperref 2012/05/28 v1.13 Bundle oberdiek, subset hyperref (HO)


(/usr/share/texlive/texmf-dist/tex/generic/oberdiek/hobsub-generic.sty
Package: hobsub-generic 2012/05/28 v1.13 Bundle oberdiek, subset generic (HO)
Package: hobsub 2012/05/28 v1.13 Construct package bundles (HO)
Package hobsub Info: Skipping package `infwarerr' (already loaded).
Package hobsub Info: Skipping package `ltxcmds' (already loaded).
Package: ifluatex 2010/03/01 v1.3 Provides the ifluatex switch (HO)
Package ifluatex Info: LuaTeX not detected.
Package hobsub Info: Skipping package `ifvtex' (already loaded).
Package: intcalc 2007/09/27 v1.1 Expandable calculations with integers (HO)
Package hobsub Info: Skipping package `ifpdf' (already loaded).
Package: etexcmds 2011/02/16 v1.5 Avoid name clashes with e-TeX commands (HO)
Package etexcmds Info: Could not find \expanded.
(etexcmds)             That can mean that you are not using pdfTeX 1.50 or
(etexcmds)             that some package has redefined \expanded.
(etexcmds)             In the latter case, load this package earlier.
Package: kvsetkeys 2012/04/25 v1.16 Key value parser (HO)
Package: kvdefinekeys 2011/04/07 v1.3 Define keys (HO)
Package: pdftexcmds 2011/11/29 v0.20 Utility functions of pdfTeX for LuaTeX (HO
)
Package pdftexcmds Info: LuaTeX not detected.
Package pdftexcmds Info: \pdf@primitive is available.
Package pdftexcmds Info: \pdf@ifprimitive is available.
Package pdftexcmds Info: \pdfdraftmode found.
Package: pdfescape 2011/11/25 v1.13 Implements pdfTeX's escape features (HO)
Package: bigintcalc 2012/04/08 v1.3 Expandable calculations on big integers (HO
)
Package: bitset 2011/01/30 v1.1 Handle bit-vector datatype (HO)
Package: uniquecounter 2011/01/30 v1.2 Provide unlimited unique counter (HO)
)
Package hobsub Info: Skipping package `hobsub' (already loaded).
Package: letltxmacro 2010/09/02 v1.4 Let assignment for LaTeX macros (HO)
Package: hopatch 2012/05/28 v1.2 Wrapper for package hooks (HO)
Package: xcolor-patch 2011/01/30 xcolor patch
Package: atveryend 2011/06/30 v1.8 Hooks at the very end of document (HO)
Package atveryend Info: \enddocument detected (standard20110627).
Package hobsub Info: Skipping package `atbegshi' (already loaded).
Package: refcount 2011/10/16 v3.4 Data extraction from label references (HO)
Package: hycolor 2011/01/30 v1.7 Color options for hyperref/bookmark (HO)
)
(/usr/share/texlive/texmf-dist/tex/latex/oberdiek/auxhook.sty
Package: auxhook 2011/03/04 v1.3 Hooks for auxiliary files (HO)
)
(/usr/share/texlive/texmf-dist/tex/latex/oberdiek/kvoptions.sty
Package: kvoptions 2011/06/30 v3.11 Key value format for package options (HO)
)
\@linkdim=\dimen164
\Hy@linkcounter=\count118
\Hy@pagecounter=\count119

(/usr/share/texlive/texmf-dist/tex/latex/hyperref/pd1enc.def
File: pd1enc.def 2012/11/06 v6.83m Hyperref: PDFDocEncoding definition (HO)
)
\Hy@SavedSpaceFactor=\count120

(/usr/share/texlive/texmf-dist/tex/latex/latexconfig/hyperref.cfg
File: hyperref.cfg 2002/06/06 v1.2 hyperref configuration of TeXLive
)
Package hyperref Info: Option `bookmarks' set `true' on input line 4319.
Package hyperref Info: Option `bookmarksopen' set `true' on input line 4319.
Package hyperref Info: Option `implicit' set `false' on input line 4319.
Package hyperref Info: Hyper figures OFF on input line 4443.
Package hyperref Info: Link nesting OFF on input line 4448.
Package hyperref Info: Hyper index ON on input line 4451.
Package hyperref Info: Plain pages OFF on input line 4458.
Package hyperref Info: Backreferencing OFF on input line 4463.
Package hyperref Info: Implicit mode OFF; no redefinition of LaTeX internals.
Package hyperref Info: Bookmarks ON on input line 4688.
\c@Hy@tempcnt=\count121

(/usr/share/texlive/texmf-dist/tex/latex/url/url.sty
\Urlmuskip=\muskip10
Package: url 2013/09/16  ver 3.4  Verb mode for urls, etc.
)
LaTeX Info: Redefining \url on input line 5041.
\XeTeXLinkMargin=\dimen165
\Fld@menulength=\count122
\Field@Width=\dimen166
\Fld@charsize=\dimen167
Package hyperref Info: Hyper figures OFF on input line 6295.
Package hyperref Info: Link nesting OFF on input line 6300.
Package hyperref Info: Hyper index ON on input line 6303.
Package hyperref Info: backreferencing OFF on input line 6310.
Package hyperref Info: Link coloring OFF on input line 6315.
Package hyperref Info: Link coloring with OCG OFF on input line 6320.
Package hyperref Info: PDF/A mode OFF on input line 6325.
LaTeX Info: Redefining \ref on input line 6365.
LaTeX Info: Redefining \pageref on input line 6369.
\Hy@abspage=\count123


Package hyperref Message: Stopped early.

)

Package hyperref Message: Driver (autodetected): hpdftex.

(/usr/share/texlive/texmf-dist/tex/latex/hyperref/hpdftex.def
File: hpdftex.def 2012/11/06 v6.83m Hyperref driver for pdfTeX
\Fld@listcount=\count124
\c@bookmark@seq@number=\count125

(/usr/share/texlive/texmf-dist/tex/latex/oberdiek/rerunfilecheck.sty
Package: rerunfilecheck 2011/04/15 v1.7 Rerun checks for auxiliary files (HO)
Package uniquecounter Info: New unique counter `rerunfilecheck' on input line 2
82.
))
(/usr/share/texlive/texmf-dist/tex/latex/beamer/beamerbaserequires.sty
Package: beamerbaserequires 2010/05/01  (rcs-revision efa082c6111d)

(/usr/share/texlive/texmf-dist/tex/latex/beamer/beamerbasecompatibility.sty
Package: beamerbasecompatibility 2012/05/01  (rcs-revision 67c48b3b652d)
)
(/usr/share/texlive/texmf-dist/tex/latex/beamer/beamerbasefont.sty
Package: beamerbasefont 2015/01/05  (rcs-revision b4b4bee242e2)

(/usr/share/texlive/texmf-dist/tex/latex/amsfonts/amssymb.sty
Package: amssymb 2013/01/14 v3.01 AMS font symbols

(/usr/share/texlive/texmf-dist/tex/latex/amsfonts/amsfonts.sty
Package: amsfonts 2013/01/14 v3.01 Basic AMSFonts support
\@emptytoks=\toks26
\symAMSa=\mathgroup4
\symAMSb=\mathgroup5
LaTeX Font Info:    Overwriting math alphabet `\mathfrak' in version `bold'
(Font)                  U/euf/m/n --> U/euf/b/n on input line 106.
)))
(/usr/share/texlive/texmf-dist/tex/latex/beamer/beamerbasetranslator.sty
Package: beamerbasetranslator 2010/06/11  (rcs-revision 85fd1cc7fc42)

(/usr/share/texlive/texmf-dist/tex/latex/beamer/translator/translator.sty
Package: translator 2010/06/12 ver 1.10

(/usr/share/texlive/texmf-dist/tex/latex/beamer/translator/translator-language-
mappings.tex)))
(/usr/share/texlive/texmf-dist/tex/latex/beamer/beamerbasemisc.sty
Package: beamerbasemisc 2013/09/03  (rcs-revision a55719c41d85)
)
(/usr/share/texlive/texmf-dist/tex/latex/beamer/beamerbasetwoscreens.sty
Package: beamerbasetwoscreens 2010/05/01  (rcs-revision efa082c6111d)
)
(/usr/share/texlive/texmf-dist/tex/latex/beamer/beamerbaseoverlay.sty
Package: beamerbaseoverlay 2013/12/25  (rcs-revision f6bd5e3805da)
\beamer@argscount=\count126
\beamer@lastskipcover=\skip44
\beamer@trivlistdepth=\count127
)
(/usr/share/texlive/texmf-dist/tex/latex/beamer/beamerbasetitle.sty
Package: beamerbasetitle 2010/09/21  (rcs-revision f0446ed0b6ae)
)
(/usr/share/texlive/texmf-dist/tex/latex/beamer/beamerbasesection.sty
Package: beamerbasesection 2013/06/07  (rcs-revision 60b9fe0f342f)
\c@lecture=\count128
\c@part=\count129
\c@section=\count130
\c@subsection=\count131
\c@subsubsection=\count132
)
(/usr/share/texlive/texmf-dist/tex/latex/beamer/beamerbaseframe.sty
Package: beamerbaseframe 2014/02/20  (rcs-revision 4b8ceeeff434)
\beamer@framebox=\box40
\beamer@frametitlebox=\box41
\beamer@zoombox=\box42
\beamer@zoomcount=\count133
\beamer@zoomframecount=\count134
\beamer@frametextheight=\dimen168
\c@subsectionslide=\count135
\beamer@frametopskip=\skip45
\beamer@framebottomskip=\skip46
\beamer@frametopskipautobreak=\skip47
\beamer@framebottomskipautobreak=\skip48
\beamer@envbody=\toks27
\framewidth=\dimen169
\c@framenumber=\count136
)
(/usr/share/texlive/texmf-dist/tex/latex/beamer/beamerbaseverbatim.sty
Package: beamerbaseverbatim 2015/01/05  (rcs-revision 431510bb5890)
\beamer@verbatimfileout=\write4
)
(/usr/share/texlive/texmf-dist/tex/latex/beamer/beamerbaseframesize.sty
Package: beamerbaseframesize 2011/09/12  (rcs-revision 70f9d8411e54)
\beamer@splitbox=\box43
\beamer@autobreakcount=\count137
\beamer@autobreaklastheight=\dimen170
\beamer@frametitletoks=\toks28
\beamer@framesubtitletoks=\toks29
)
(/usr/share/texlive/texmf-dist/tex/latex/beamer/beamerbaseframecomponents.sty
Package: beamerbaseframecomponents 2013/10/18  (rcs-revision 5cf6c5555a45)
\beamer@footins=\box44
)
(/usr/share/texlive/texmf-dist/tex/latex/beamer/beamerbasecolor.sty
Package: beamerbasecolor 2015/02/21  (rcs-revision d944b04ee2d5)
)
(/usr/share/texlive/texmf-dist/tex/latex/beamer/beamerbasenotes.sty
Package: beamerbasenotes 2012/12/19  (rcs-revision 1686da3db3c9)
\beamer@frameboxcopy=\box45
)
(/usr/share/texlive/texmf-dist/tex/latex/beamer/beamerbasetoc.sty
Package: beamerbasetoc 2015/03/08  (rcs-revision 7270298bbaae)
)
(/usr/share/texlive/texmf-dist/tex/latex/beamer/beamerbasetemplates.sty
Package: beamerbasetemplates 2010/05/01  (rcs-revision efa082c6111d)
\beamer@sbttoks=\toks30

(/usr/share/texlive/texmf-dist/tex/latex/beamer/beamerbaseauxtemplates.sty
Package: beamerbaseauxtemplates 2014/06/30  (rcs-revision 580088513a67)

(/usr/share/texlive/texmf-dist/tex/latex/beamer/beamerbaseboxes.sty
Package: beamerbaseboxes 2012/05/13  (rcs-revision 56972908a390)
\bmb@box=\box46
\bmb@colorbox=\box47
\bmb@boxshadow=\box48
\bmb@boxshadowball=\box49
\bmb@boxshadowballlarge=\box50
\bmb@temp=\dimen171
\bmb@dima=\dimen172
\bmb@dimb=\dimen173
\bmb@prevheight=\dimen174
)
\beamer@blockheadheight=\dimen175
))
(/usr/share/texlive/texmf-dist/tex/latex/beamer/beamerbaselocalstructure.sty
Package: beamerbaselocalstructure 2014/09/10  (rcs-revision 393f6dcff371)

(/usr/share/texlive/texmf-dist/tex/latex/tools/enumerate.sty
Package: enumerate 2015/07/23 v3.00 enumerate extensions (DPC)
\@enLab=\toks31
)
\c@figure=\count138
\c@table=\count139
\abovecaptionskip=\skip49
\belowcaptionskip=\skip50
)
(/usr/share/texlive/texmf-dist/tex/latex/beamer/beamerbasenavigation.sty
Package: beamerbasenavigation 2015/02/27  (rcs-revision 923f4bf87efa)
\beamer@section@min@dim=\dimen176
)
(/usr/share/texlive/texmf-dist/tex/latex/beamer/beamerbasetheorems.sty
Package: beamerbasetheorems 2010/06/06  (rcs-revision 7e7cc5e53e9d)

(/usr/share/texlive/texmf-dist/tex/latex/amsmath/amsmath.sty
Package: amsmath 2016/03/03 v2.15a AMS math features
\@mathmargin=\skip51

For additional information on amsmath, use the `?' option.
(/usr/share/texlive/texmf-dist/tex/latex/amsmath/amstext.sty
Package: amstext 2000/06/29 v2.01 AMS text

(/usr/share/texlive/texmf-dist/tex/latex/amsmath/amsgen.sty
File: amsgen.sty 1999/11/30 v2.0 generic functions
\@emptytoks=\toks32
\ex@=\dimen177
))
(/usr/share/texlive/texmf-dist/tex/latex/amsmath/amsbsy.sty
Package: amsbsy 1999/11/29 v1.2d Bold Symbols
\pmbraise@=\dimen178
)
(/usr/share/texlive/texmf-dist/tex/latex/amsmath/amsopn.sty
Package: amsopn 1999/12/14 v2.01 operator names
)
\inf@bad=\count140
LaTeX Info: Redefining \frac on input line 199.
\uproot@=\count141
\leftroot@=\count142
LaTeX Info: Redefining \overline on input line 297.
\classnum@=\count143
\DOTSCASE@=\count144
LaTeX Info: Redefining \ldots on input line 394.
LaTeX Info: Redefining \dots on input line 397.
LaTeX Info: Redefining \cdots on input line 518.
\Mathstrutbox@=\box51
\strutbox@=\box52
\big@size=\dimen179
LaTeX Font Info:    Redeclaring font encoding OML on input line 630.
LaTeX Font Info:    Redeclaring font encoding OMS on input line 631.
\macc@depth=\count145
\c@MaxMatrixCols=\count146
\dotsspace@=\muskip11
\c@parentequation=\count147
\dspbrk@lvl=\count148
\tag@help=\toks33
\row@=\count149
\column@=\count150
\maxfields@=\count151
\andhelp@=\toks34
\eqnshift@=\dimen180
\alignsep@=\dimen181
\tagshift@=\dimen182
\tagwidth@=\dimen183
\totwidth@=\dimen184
\lineht@=\dimen185
\@envbody=\toks35
\multlinegap=\skip52
\multlinetaggap=\skip53
\mathdisplay@stack=\toks36
LaTeX Info: Redefining \[ on input line 2735.
LaTeX Info: Redefining \] on input line 2736.
)
(/usr/share/texlive/texmf-dist/tex/latex/amscls/amsthm.sty
Package: amsthm 2015/03/04 v2.20.2
\thm@style=\toks37
\thm@bodyfont=\toks38
\thm@headfont=\toks39
\thm@notefont=\toks40
\thm@headpunct=\toks41
\thm@preskip=\skip54
\thm@postskip=\skip55
\thm@headsep=\skip56
\dth@everypar=\toks42
)
\c@theorem=\count152
)
(/usr/share/texlive/texmf-dist/tex/latex/beamer/beamerbasethemes.sty
Package: beamerbasethemes 2010/05/01  (rcs-revision efa082c6111d)
))
(/usr/share/texlive/texmf-dist/tex/latex/beamer/themes/theme/beamerthemedefault
.sty
Package: beamerthemedefault 2010/06/17  (rcs-revision d02a7cf4d8ae)

(/usr/share/texlive/texmf-dist/tex/latex/beamer/themes/font/beamerfontthemedefa
ult.sty
Package: beamerfontthemedefault 2012/12/19  (rcs-revision 1686da3db3c9)
)
(/usr/share/texlive/texmf-dist/tex/latex/beamer/themes/color/beamercolorthemede
fault.sty
Package: beamercolorthemedefault 2012/12/19  (rcs-revision 1686da3db3c9)
)
(/usr/share/texlive/texmf-dist/tex/latex/beamer/themes/inner/beamerinnerthemede
fault.sty
Package: beamerinnerthemedefault 2014/06/30  (rcs-revision 580088513a67)
\beamer@dima=\dimen186
\beamer@dimb=\dimen187
)
(/usr/share/texlive/texmf-dist/tex/latex/beamer/themes/outer/beamerouterthemede
fault.sty
Package: beamerouterthemedefault 2012/12/19  (rcs-revision 1686da3db3c9)
)))
(/usr/share/texlive/texmf-dist/tex/latex/beamer/themes/theme/beamerthemeWarsaw.
sty
Package: beamerthemeWarsaw 2010/06/17  (rcs-revision d02a7cf4d8ae)

(/usr/share/texlive/texmf-dist/tex/latex/beamer/themes/inner/beamerinnerthemero
unded.sty
Package: beamerinnerthemerounded 2010/06/17  (rcs-revision d02a7cf4d8ae)
)
(/usr/share/texlive/texmf-dist/tex/latex/beamer/themes/outer/beamerouterthemesh
adow.sty
Package: beamerouterthemeshadow 2010/06/17  (rcs-revision d02a7cf4d8ae)

(/usr/share/texlive/texmf-dist/tex/latex/beamer/themes/outer/beamerouterthemesp
lit.sty
Package: beamerouterthemesplit 2012/10/16  (rcs-revision 51a8c72084af)
))
(/usr/share/texlive/texmf-dist/tex/latex/beamer/themes/color/beamercolorthemeor
chid.sty
Package: beamercolorthemeorchid 2010/06/17  (rcs-revision d02a7cf4d8ae)
)
(/usr/share/texlive/texmf-dist/tex/latex/beamer/themes/color/beamercolorthemewh
ale.sty
Package: beamercolorthemewhale 2010/06/17  (rcs-revision d02a7cf4d8ae)
))
(/usr/share/texlive/texmf-dist/tex/latex/beamer/themes/theme/beamerthemeboxes.s
ty
Package: beamerthemeboxes 2010/06/17  (rcs-revision d02a7cf4d8ae)
\beamer@boxheadheight=\dimen188
\beamer@boxfootheight=\dimen189
\beamer@headboxes=\count153
\beamer@headboxsizes=\dimen190
\beamer@currentbox=\count154
\beamer@footboxes=\count155
\beamer@footboxsizes=\dimen191
) (/usr/share/texlive/texmf-dist/tex/latex/etex-pkg/etex.sty
Package: etex 2016/01/11 v2.6 eTeX basic definition package (PEB,DPC)
\et@xins=\count156
)
(/usr/share/texlive/texmf-dist/tex/latex/booktabs/booktabs.sty
Package: booktabs 2005/04/14 v1.61803 publication quality tables
\heavyrulewidth=\dimen192
\lightrulewidth=\dimen193
\cmidrulewidth=\dimen194
\belowrulesep=\dimen195
\belowbottomsep=\dimen196
\aboverulesep=\dimen197
\abovetopsep=\dimen198
\cmidrulesep=\dimen199
Normal \dimen register pool exhausted, switching to extended pool.
\cmidrulekern=\dimen256
\defaultaddspace=\dimen257
\@cmidla=\count157
\@cmidlb=\count158
\@aboverulesep=\dimen258
\@belowrulesep=\dimen259
\@thisruleclass=\count159
\@lastruleclass=\count160
\@thisrulewidth=\dimen260
)
(/usr/share/texlive/texmf-dist/tex/latex/pgf/frontendlayer/tikz.sty
(/usr/share/texlive/texmf-dist/tex/latex/pgf/basiclayer/pgf.sty
Package: pgf 2015/08/07 v3.0.1a (rcs-revision 1.15)

(/usr/share/texlive/texmf-dist/tex/generic/pgf/modules/pgfmoduleshapes.code.tex
File: pgfmoduleshapes.code.tex 2014/03/21  (rcs-revision 1.35)
\pgfnodeparttextbox=\box53
) (/usr/share/texlive/texmf-dist/tex/generic/pgf/modules/pgfmoduleplot.code.tex
File: pgfmoduleplot.code.tex 2015/08/03  (rcs-revision 1.13)
)
(/usr/share/texlive/texmf-dist/tex/latex/pgf/compatibility/pgfcomp-version-0-65
.sty
Package: pgfcomp-version-0-65 2007/07/03 v3.0.1a (rcs-revision 1.7)
\pgf@nodesepstart=\dimen261
\pgf@nodesepend=\dimen262
)
(/usr/share/texlive/texmf-dist/tex/latex/pgf/compatibility/pgfcomp-version-1-18
.sty
Package: pgfcomp-version-1-18 2007/07/23 v3.0.1a (rcs-revision 1.1)
)) (/usr/share/texlive/texmf-dist/tex/latex/pgf/utilities/pgffor.sty
(/usr/share/texlive/texmf-dist/tex/latex/pgf/utilities/pgfkeys.sty
(/usr/share/texlive/texmf-dist/tex/generic/pgf/utilities/pgfkeys.code.tex))
(/usr/share/texlive/texmf-dist/tex/latex/pgf/math/pgfmath.sty
(/usr/share/texlive/texmf-dist/tex/generic/pgf/math/pgfmath.code.tex))
(/usr/share/texlive/texmf-dist/tex/generic/pgf/utilities/pgffor.code.tex
Package: pgffor 2013/12/13 v3.0.1a (rcs-revision 1.25)

(/usr/share/texlive/texmf-dist/tex/generic/pgf/math/pgfmath.code.tex)
\pgffor@iter=\dimen263
\pgffor@skip=\dimen264
\pgffor@stack=\toks43
\pgffor@toks=\toks44
))
(/usr/share/texlive/texmf-dist/tex/generic/pgf/frontendlayer/tikz/tikz.code.tex
Package: tikz 2015/08/07 v3.0.1a (rcs-revision 1.151)

(/usr/share/texlive/texmf-dist/tex/generic/pgf/libraries/pgflibraryplothandlers
.code.tex
File: pgflibraryplothandlers.code.tex 2013/08/31 v3.0.1a (rcs-revision 1.20)
\pgf@plot@mark@count=\count161
\pgfplotmarksize=\dimen265
)
\tikz@lastx=\dimen266
\tikz@lasty=\dimen267
\tikz@lastxsaved=\dimen268
\tikz@lastysaved=\dimen269
\tikzleveldistance=\dimen270
\tikzsiblingdistance=\dimen271
\tikz@figbox=\box54
\tikz@figbox@bg=\box55
\tikz@tempbox=\box56
\tikz@tempbox@bg=\box57
\tikztreelevel=\count162
\tikznumberofchildren=\count163
\tikznumberofcurrentchild=\count164
\tikz@fig@count=\count165

(/usr/share/texlive/texmf-dist/tex/generic/pgf/modules/pgfmodulematrix.code.tex
File: pgfmodulematrix.code.tex 2013/09/17  (rcs-revision 1.8)
\pgfmatrixcurrentrow=\count166
\pgfmatrixcurrentcolumn=\count167
\pgf@matrix@numberofcolumns=\count168
)
\tikz@expandcount=\count169

(/usr/share/texlive/texmf-dist/tex/generic/pgf/frontendlayer/tikz/libraries/tik
zlibrarytopaths.code.tex
File: tikzlibrarytopaths.code.tex 2008/06/17 v3.0.1a (rcs-revision 1.2)
)))
(/usr/share/texlive/texmf-dist/tex/latex/caption/subcaption.sty
Package: subcaption 2016/02/20 v1.1-142 Sub-captions (AR)

(/usr/share/texlive/texmf-dist/tex/latex/caption/caption.sty
Package: caption 2016/02/21 v3.3-144 Customizing captions (AR)

(/usr/share/texlive/texmf-dist/tex/latex/caption/caption3.sty
Package: caption3 2016/02/04 v1.7-139 caption3 kernel (AR)
Package caption3 Info: TeX engine: e-TeX on input line 67.
\captionmargin=\dimen272
\captionmargin@=\dimen273
\captionwidth=\dimen274
\caption@tempdima=\dimen275
\caption@indent=\dimen276
\caption@parindent=\dimen277
\caption@hangindent=\dimen278
)
\c@ContinuedFloat=\count170
Package caption Info: beamer document class.
Package caption Info: hyperref package is loaded.
Package caption Info: Hyperref support is turned off
(caption)             because hyperref has stopped early.
)
\c@subfigure=\count171
\c@subtable=\count172
)
(/usr/share/texlive/texmf-dist/tex/latex/pgfplots/pgfplots.sty
(/usr/share/texlive/texmf-dist/tex/generic/pgfplots/pgfplots.revision.tex)
Package: pgfplots 2016/01/06 v1.13 Data Visualization (1.13)

(/usr/share/texlive/texmf-dist/tex/generic/pgfplots/pgfplots.code.tex
(/usr/share/texlive/texmf-dist/tex/generic/pgfplots/pgfplotscore.code.tex
\t@pgfplots@toka=\toks45
\t@pgfplots@tokb=\toks46
\t@pgfplots@tokc=\toks47
\pgfplots@tmpa=\dimen279
\c@pgfplots@coordindex=\count173
\c@pgfplots@scanlineindex=\count174

(/usr/share/texlive/texmf-dist/tex/generic/pgfplots/sys/pgfplotssysgeneric.code
.tex))
(/usr/share/texlive/texmf-dist/tex/generic/pgfplots/libs/pgfplotslibrary.code.t
ex)
(/usr/share/texlive/texmf-dist/tex/generic/pgfplots/oldpgfcompatib/pgfplotsoldp
gfsupp_loader.code.tex
(/usr/share/texlive/texmf-dist/tex/generic/pgf/libraries/pgflibraryfpu.code.tex
)
Package pgfplots: loading complementary arithmetics for your pgf version...

(/usr/share/texlive/texmf-dist/tex/generic/pgfplots/oldpgfcompatib/pgfplotsoldp
gfsupp_pgflibraryfpu.code.tex)
(/usr/share/texlive/texmf-dist/tex/generic/pgfplots/oldpgfcompatib/pgfplotsoldp
gfsupp_pgfmathfloat.code.tex
\c@pgfmathroundto@lastzeros=\count175
))
(/usr/share/texlive/texmf-dist/tex/generic/pgfplots/util/pgfplotsutil.code.tex
(/usr/share/texlive/texmf-dist/tex/generic/pgfplots/liststructure/pgfplotslists
tructure.code.tex)
(/usr/share/texlive/texmf-dist/tex/generic/pgfplots/liststructure/pgfplotslists
tructureext.code.tex)
(/usr/share/texlive/texmf-dist/tex/generic/pgfplots/liststructure/pgfplotsarray
.code.tex
\c@pgfplotsarray@tmp=\count176
)
(/usr/share/texlive/texmf-dist/tex/generic/pgfplots/liststructure/pgfplotsmatri
x.code.tex)
(/usr/share/texlive/texmf-dist/tex/generic/pgfplots/numtable/pgfplotstableshare
d.code.tex
\c@pgfplotstable@counta=\count177
\t@pgfplotstable@a=\toks48
)
(/usr/share/texlive/texmf-dist/tex/generic/pgfplots/liststructure/pgfplotsdeque
.code.tex)
(/usr/share/texlive/texmf-dist/tex/generic/pgfplots/util/pgfplotsbinary.code.te
x
(/usr/share/texlive/texmf-dist/tex/generic/pgfplots/util/pgfplotsbinary.data.co
de.tex))
(/usr/share/texlive/texmf-dist/tex/generic/pgfplots/util/pgfplotsutil.verb.code
.tex)
(/usr/share/texlive/texmf-dist/tex/generic/pgfplots/libs/pgflibrarypgfplots.sur
fshading.code.tex
\c@pgfplotslibrarysurf@no=\count178

(/usr/share/texlive/texmf-dist/tex/generic/pgfplots/sys/pgflibrarypgfplots.surf
shading.pgfsys-pdftex.def)))
(/usr/share/texlive/texmf-dist/tex/generic/pgfplots/util/pgfplotscolormap.code.
tex
(/usr/share/texlive/texmf-dist/tex/generic/pgfplots/util/pgfplotscolor.code.tex
))
(/usr/share/texlive/texmf-dist/tex/generic/pgfplots/pgfplotsstackedplots.code.t
ex)
(/usr/share/texlive/texmf-dist/tex/generic/pgfplots/pgfplotsplothandlers.code.t
ex
(/usr/share/texlive/texmf-dist/tex/generic/pgfplots/pgfplotsmeshplothandler.cod
e.tex
(/usr/share/texlive/texmf-dist/tex/generic/pgfplots/pgfplotsmeshplotimage.code.
tex)))
(/usr/share/texlive/texmf-dist/tex/generic/pgfplots/pgfplots.scaling.code.tex)
(/usr/share/texlive/texmf-dist/tex/generic/pgfplots/pgfplotscoordprocessing.cod
e.tex)
(/usr/share/texlive/texmf-dist/tex/generic/pgfplots/pgfplots.errorbars.code.tex
) (/usr/share/texlive/texmf-dist/tex/generic/pgfplots/pgfplots.markers.code.tex
) (/usr/share/texlive/texmf-dist/tex/generic/pgfplots/pgfplotsticks.code.tex)
(/usr/share/texlive/texmf-dist/tex/generic/pgfplots/pgfplots.paths.code.tex)
(/usr/share/texlive/texmf-dist/tex/generic/pgf/frontendlayer/tikz/libraries/tik
zlibrarydecorations.code.tex
(/usr/share/texlive/texmf-dist/tex/generic/pgf/modules/pgfmoduledecorations.cod
e.tex
\pgfdecoratedcompleteddistance=\dimen280
\pgfdecoratedremainingdistance=\dimen281
\pgfdecoratedinputsegmentcompleteddistance=\dimen282
\pgfdecoratedinputsegmentremainingdistance=\dimen283
\pgf@decorate@distancetomove=\dimen284
\pgf@decorate@repeatstate=\count179
\pgfdecorationsegmentamplitude=\dimen285
\pgfdecorationsegmentlength=\dimen286
)
\tikz@lib@dec@box=\box58
)
(/usr/share/texlive/texmf-dist/tex/generic/pgf/frontendlayer/tikz/libraries/tik
zlibrarydecorations.pathmorphing.code.tex
(/usr/share/texlive/texmf-dist/tex/generic/pgf/libraries/decorations/pgflibrary
decorations.pathmorphing.code.tex))
(/usr/share/texlive/texmf-dist/tex/generic/pgf/frontendlayer/tikz/libraries/tik
zlibrarydecorations.pathreplacing.code.tex
(/usr/share/texlive/texmf-dist/tex/generic/pgf/libraries/decorations/pgflibrary
decorations.pathreplacing.code.tex))
\pgfplots@numplots=\count180
\pgfplots@xmin@reg=\dimen287
\pgfplots@xmax@reg=\dimen288
\pgfplots@ymin@reg=\dimen289
\pgfplots@ymax@reg=\dimen290
\pgfplots@zmin@reg=\dimen291
\pgfplots@zmax@reg=\dimen292
)
(/usr/share/texlive/texmf-dist/tex/generic/pgf/frontendlayer/tikz/libraries/tik
zlibraryplotmarks.code.tex
File: tikzlibraryplotmarks.code.tex 2008/01/09 v3.0.1a (rcs-revision 1.1)

(/usr/share/texlive/texmf-dist/tex/generic/pgf/libraries/pgflibraryplotmarks.co
de.tex
File: pgflibraryplotmarks.code.tex 2015/08/03 v3.0.1a (rcs-revision 1.14)
))) (/usr/share/texlive/texmf-dist/tex/latex/pgf-umlsd/pgf-umlsd.sty
Package: pgf-umlsd 2011/07/27 v0.6 Some LaTeX macros for UML Sequence Diagrams.


(/usr/share/texlive/texmf-dist/tex/generic/pgf/frontendlayer/tikz/libraries/tik
zlibraryarrows.code.tex
File: tikzlibraryarrows.code.tex 2008/01/09 v3.0.1a (rcs-revision 1.1)

(/usr/share/texlive/texmf-dist/tex/generic/pgf/libraries/pgflibraryarrows.code.
tex
File: pgflibraryarrows.code.tex 2013/09/23 v3.0.1a (rcs-revision 1.16)
\arrowsize=\dimen293
))
(/usr/share/texlive/texmf-dist/tex/generic/pgf/frontendlayer/tikz/libraries/tik
zlibraryshadows.code.tex
File: tikzlibraryshadows.code.tex 2008/01/13 v3.0.1a (rcs-revision 1.3)

(/usr/share/texlive/texmf-dist/tex/generic/pgf/frontendlayer/tikz/libraries/tik
zlibraryfadings.code.tex
File: tikzlibraryfadings.code.tex 2009/11/15 v3.0.1a (rcs-revision 1.2)

(/usr/share/texlive/texmf-dist/tex/generic/pgf/libraries/pgflibraryfadings.code
.tex
File: pgflibraryfadings.code.tex 2008/02/07 v3.0.1a (rcs-revision 1.3)
))) (/usr/share/texlive/texmf-dist/tex/latex/base/ifthen.sty
Package: ifthen 2014/09/29 v1.1c Standard LaTeX ifthen package (DPC)
)
\c@preinst=\count181
\c@instnum=\count182
\c@threadnum=\count183
\c@seqlevel=\count184
\c@callevel=\count185
\c@callselflevel=\count186
\c@blocklevel=\count187
)
(/usr/share/texlive/texmf-dist/tex/generic/pgf/frontendlayer/tikz/libraries/tik
zlibraryshapes.misc.code.tex
File: tikzlibraryshapes.misc.code.tex 2008/01/09 v3.0.1a (rcs-revision 1.1)

(/usr/share/texlive/texmf-dist/tex/generic/pgf/libraries/shapes/pgflibraryshape
s.misc.code.tex
File: pgflibraryshapes.misc.code.tex 2013/07/18 v3.0.1a (rcs-revision 1.5)
))
(/usr/share/texlive/texmf-dist/tex/generic/pgf/frontendlayer/tikz/libraries/tik
zlibraryshapes.code.tex
File: tikzlibraryshapes.code.tex 2008/01/09 v3.0.1a (rcs-revision 1.1)

(/usr/share/texlive/texmf-dist/tex/generic/pgf/frontendlayer/tikz/libraries/tik
zlibraryshapes.geometric.code.tex
File: tikzlibraryshapes.geometric.code.tex 2008/01/09 v3.0.1a (rcs-revision 1.1
)

(/usr/share/texlive/texmf-dist/tex/generic/pgf/libraries/shapes/pgflibraryshape
s.geometric.code.tex
File: pgflibraryshapes.geometric.code.tex 2008/06/26 v3.0.1a (rcs-revision 1.1)

))
(/usr/share/texlive/texmf-dist/tex/generic/pgf/frontendlayer/tikz/libraries/tik
zlibraryshapes.symbols.code.tex
File: tikzlibraryshapes.symbols.code.tex 2008/01/09 v3.0.1a (rcs-revision 1.1)

(/usr/share/texlive/texmf-dist/tex/generic/pgf/libraries/shapes/pgflibraryshape
s.symbols.code.tex
File: pgflibraryshapes.symbols.code.tex 2013/09/11 v3.0.1a (rcs-revision 1.6)
))
(/usr/share/texlive/texmf-dist/tex/generic/pgf/frontendlayer/tikz/libraries/tik
zlibraryshapes.arrows.code.tex
File: tikzlibraryshapes.arrows.code.tex 2008/01/09 v3.0.1a (rcs-revision 1.1)

(/usr/share/texlive/texmf-dist/tex/generic/pgf/libraries/shapes/pgflibraryshape
s.arrows.code.tex
File: pgflibraryshapes.arrows.code.tex 2008/06/26 v3.0.1a (rcs-revision 1.1)
))
(/usr/share/texlive/texmf-dist/tex/generic/pgf/frontendlayer/tikz/libraries/tik
zlibraryshapes.callouts.code.tex
(/usr/share/texlive/texmf-dist/tex/generic/pgf/libraries/shapes/pgflibraryshape
s.callouts.code.tex))
(/usr/share/texlive/texmf-dist/tex/generic/pgf/frontendlayer/tikz/libraries/tik
zlibraryshapes.multipart.code.tex
File: tikzlibraryshapes.multipart.code.tex 2008/01/09 v3.0.1a (rcs-revision 1.1
)

(/usr/share/texlive/texmf-dist/tex/generic/pgf/libraries/shapes/pgflibraryshape
s.multipart.code.tex
File: pgflibraryshapes.multipart.code.tex 2010/01/07 v3.0.1a (rcs-revision 1.2)

\pgfnodepartlowerbox=\box59
\pgfnodeparttwobox=\box60
\pgfnodepartthreebox=\box61
\pgfnodepartfourbox=\box62
\pgfnodeparttwentybox=\box63
\pgfnodepartnineteenbox=\box64
\pgfnodeparteighteenbox=\box65
\pgfnodepartseventeenbox=\box66
\pgfnodepartsixteenbox=\box67
\pgfnodepartfifteenbox=\box68
\pgfnodepartfourteenbox=\box69
\pgfnodepartthirteenbox=\box70
\pgfnodeparttwelvebox=\box71
\pgfnodepartelevenbox=\box72
\pgfnodeparttenbox=\box73
\pgfnodepartninebox=\box74
\pgfnodeparteightbox=\box75
\pgfnodepartsevenbox=\box76
\pgfnodepartsixbox=\box77
\pgfnodepartfivebox=\box78
)))
(/usr/share/texlive/texmf-dist/tex/generic/pgf/frontendlayer/tikz/libraries/tik
zlibrarymatrix.code.tex
File: tikzlibrarymatrix.code.tex 2013/07/12 v3.0.1a (rcs-revision 1.4)
)
(/usr/share/texlive/texmf-dist/tex/generic/pgf/frontendlayer/tikz/libraries/tik
zlibrarypositioning.code.tex
File: tikzlibrarypositioning.code.tex 2008/10/06 v3.0.1a (rcs-revision 1.7)
) (./animate.sty
Package: animate 2018/01/04 PDF animations from files and inline graphics

(/usr/share/texlive/texmf-dist/tex/latex/xkeyval/xkeyval.sty
Package: xkeyval 2014/12/03 v2.7a package option processing (HA)

(/usr/share/texlive/texmf-dist/tex/generic/xkeyval/xkeyval.tex
(/usr/share/texlive/texmf-dist/tex/generic/xkeyval/xkvutils.tex
\XKV@toks=\toks49
\XKV@tempa@toks=\toks50
)
\XKV@depth=\count188
File: xkeyval.tex 2014/12/03 v2.7a key=value parser (HA)
))
(/usr/share/texlive/texmf-dist/tex/latex/oberdiek/ifdraft.sty
Package: ifdraft 2008/08/11 v1.3 Detect class options draft and final (HO)
)
(/usr/share/texlive/texmf-dist/tex/latex/tools/calc.sty
Package: calc 2014/10/28 v4.3 Infix arithmetic (KKT,FJ)
\calc@Acount=\count189
\calc@Bcount=\count190
\calc@Adimen=\dimen294
\calc@Bdimen=\dimen295
\calc@Askip=\skip57
\calc@Bskip=\skip58
LaTeX Info: Redefining \setlength on input line 80.
LaTeX Info: Redefining \addtolength on input line 81.
\calc@Ccount=\count191
\calc@Cskip=\skip59
) (./pdfbase.sty
(/usr/share/texlive/texmf-dist/tex/latex/l3kernel/expl3.sty
Package: expl3 2016/01/19 v6377 L3 programming layer (loader) 

(/usr/share/texlive/texmf-dist/tex/latex/l3kernel/expl3-code.tex
Package: expl3 2016/01/19 v6377 L3 programming layer (code)
L3 Module: l3bootstrap 2016/01/01 v6339 L3 Bootstrap code
L3 Module: l3names 2015/12/21 v6328 L3 Namespace for primitives
L3 Module: l3basics 2015/11/22 v6315 L3 Basic definitions
L3 Module: l3expan 2015/09/10 v5983 L3 Argument expansion
L3 Module: l3tl 2015/09/29 v6121 L3 Token lists
L3 Module: l3str 2016/01/03 v6357 L3 Strings
L3 Module: l3seq 2015/08/05 v5777 L3 Sequences and stacks
L3 Module: l3int 2016/01/05 v6366 L3 Integers
\c_max_int=\count192
\l_tmpa_int=\count193
\l_tmpb_int=\count194
\g_tmpa_int=\count195
\g_tmpb_int=\count196
L3 Module: l3quark 2015/08/17 v5855 L3 Quarks
L3 Module: l3prg 2015/11/01 v6216 L3 Control structures
\g__prg_map_int=\count197
L3 Module: l3clist 2015/09/02 v5901 L3 Comma separated lists
L3 Module: l3token 2015/11/11 v6249 L3 Experimental token manipulation
L3 Module: l3prop 2016/01/05 v6366 L3 Property lists
L3 Module: l3msg 2015/09/28 v6113 L3 Messages
L3 Module: l3file 2015/12/03 v6317 L3 File and I/O operations
\l_iow_line_count_int=\count198
\l__iow_target_count_int=\count199
Normal \count register pool exhausted, switching to extended pool.
\l__iow_current_line_int=\count277
\l__iow_current_word_int=\count278
\l__iow_current_indentation_int=\count279
L3 Module: l3skip 2016/01/05 v6366 L3 Dimensions and skips
\c_zero_dim=\dimen296
\c_max_dim=\dimen297
\l_tmpa_dim=\dimen298
\l_tmpb_dim=\dimen299
\g_tmpa_dim=\dimen300
\g_tmpb_dim=\dimen301
\c_zero_skip=\skip60
\c_max_skip=\skip61
\l_tmpa_skip=\skip62
\l_tmpb_skip=\skip63
\g_tmpa_skip=\skip64
\g_tmpb_skip=\skip65
\c_zero_muskip=\muskip12
\c_max_muskip=\muskip13
\l_tmpa_muskip=\muskip14
\l_tmpb_muskip=\muskip15
\g_tmpa_muskip=\muskip16
\g_tmpb_muskip=\muskip17
L3 Module: l3keys 2015/11/17 v6284 L3 Key-value interfaces
\g__keyval_level_int=\count280
\l_keys_choice_int=\count281
L3 Module: l3fp 2015/08/25 v5890 L3 Floating points
\c__fp_leading_shift_int=\count282
\c__fp_middle_shift_int=\count283
\c__fp_trailing_shift_int=\count284
\c__fp_big_leading_shift_int=\count285
\c__fp_big_middle_shift_int=\count286
\c__fp_big_trailing_shift_int=\count287
\c__fp_Bigg_leading_shift_int=\count288
\c__fp_Bigg_middle_shift_int=\count289
\c__fp_Bigg_trailing_shift_int=\count290
L3 Module: l3box 2015/08/09 v5822 L3 Experimental boxes
\c_empty_box=\box79
\l_tmpa_box=\box80
\l_tmpb_box=\box81
\g_tmpa_box=\box82
\g_tmpb_box=\box83
L3 Module: l3coffins 2015/08/06 v5789 L3 Coffin code layer
\l__coffin_internal_box=\box84
\l__coffin_internal_dim=\dimen302
\l__coffin_offset_x_dim=\dimen303
\l__coffin_offset_y_dim=\dimen304
\l__coffin_x_dim=\dimen305
\l__coffin_y_dim=\dimen306
\l__coffin_x_prime_dim=\dimen307
\l__coffin_y_prime_dim=\dimen308
\c_empty_coffin=\box85
\l__coffin_aligned_coffin=\box86
\l__coffin_aligned_internal_coffin=\box87
\l_tmpa_coffin=\box88
\l_tmpb_coffin=\box89
\l__coffin_display_coffin=\box90
\l__coffin_display_coord_coffin=\box91
\l__coffin_display_pole_coffin=\box92
\l__coffin_display_offset_dim=\dimen309
\l__coffin_display_x_dim=\dimen310
\l__coffin_display_y_dim=\dimen311
L3 Module: l3color 2014/08/23 v5354 L3 Experimental color support
L3 Module: l3sys 2015/09/25 v6087 L3 Experimental system/runtime functions
L3 Module: l3candidates 2016/01/14 v6376 L3 Experimental additions to l3kernel
\l__box_top_dim=\dimen312
\l__box_bottom_dim=\dimen313
\l__box_left_dim=\dimen314
\l__box_right_dim=\dimen315
\l__box_top_new_dim=\dimen316
\l__box_bottom_new_dim=\dimen317
\l__box_left_new_dim=\dimen318
\l__box_right_new_dim=\dimen319
\l__box_internal_box=\box93
\l__coffin_bounding_shift_dim=\dimen320
\l__coffin_left_corner_dim=\dimen321
\l__coffin_right_corner_dim=\dimen322
\l__coffin_bottom_corner_dim=\dimen323
\l__coffin_top_corner_dim=\dimen324
\l__coffin_scaled_total_height_dim=\dimen325
\l__coffin_scaled_width_dim=\dimen326
L3 Module: l3luatex 2015/11/11 v6250 L3 Experimental LuaTeX-specific functions
)
(/usr/share/texlive/texmf-dist/tex/latex/l3kernel/l3pdfmode.def
File: l3pdfmode.def 2015/11/11 v6250 L3 Experimental driver: PDF mode
\l__driver_color_stack_int=\count291
))
(/usr/share/texlive/texmf-dist/tex/latex/l3packages/l3keys2e/l3keys2e.sty
Package: l3keys2e 2016/01/19 v6377 LaTeX2e option processing using LaTeX3 keys
)
Package: pdfbase 2018/01/16 v0.19 driver independent access to low-level PDF fe
atures
\g_pbs_page_int=\count292
\g_pbs_oc_int=\count293
)
(./ocgbase.sty
Package: ocgbase 2017/09/29 v0.12 support package for ocgx2.sty
\g_ocgbase_nd_int=\count294
)
\@anim@box=\box94
\@anim@measbox=\box95
\@anim@tmpdima=\dimen327
\@anim@tmpdimb=\dimen328
\@anim@num=\count295
\@anim@curframe=\count296
\@anim@curframe@zb=\count297
\@anim@resizeflags=\count298
\@anim@skipfram=\count299
\@anim@mulframecnt=\count300
\@anim@@tmlnfile=\read2
\@anim@tmpcnt=\count301
\c@@anim@ltxcnt=\count302
\@anim@curlayer=\count303
\@anim@lineno=\count304
\@anim@curfield=\count305
\@anim@@resizeflags=\count306
) (./AI_Forum_slides.aux)
\openout1 = `AI_Forum_slides.aux'.

LaTeX Font Info:    Checking defaults for OML/cmm/m/it on input line 45.
LaTeX Font Info:    ... okay on input line 45.
LaTeX Font Info:    Checking defaults for T1/cmr/m/n on input line 45.
LaTeX Font Info:    ... okay on input line 45.
LaTeX Font Info:    Checking defaults for OT1/cmr/m/n on input line 45.
LaTeX Font Info:    ... okay on input line 45.
LaTeX Font Info:    Checking defaults for OMS/cmsy/m/n on input line 45.
LaTeX Font Info:    ... okay on input line 45.
LaTeX Font Info:    Checking defaults for OMX/cmex/m/n on input line 45.
LaTeX Font Info:    ... okay on input line 45.
LaTeX Font Info:    Checking defaults for U/cmr/m/n on input line 45.
LaTeX Font Info:    ... okay on input line 45.
LaTeX Font Info:    Checking defaults for PD1/pdf/m/n on input line 45.
LaTeX Font Info:    ... okay on input line 45.

*geometry* driver: auto-detecting
*geometry* detected driver: pdftex
*geometry* verbose mode - [ preamble ] result:
* driver: pdftex
* paper: custom
* layout: <same size as paper>
* layoutoffset:(h,v)=(0.0pt,0.0pt)
* modes: includehead includefoot 
* h-part:(L,W,R)=(28.45274pt, 307.28987pt, 28.45274pt)
* v-part:(T,H,B)=(0.0pt, 273.14662pt, 0.0pt)
* \paperwidth=364.19536pt
* \paperheight=273.14662pt
* \textwidth=307.28987pt
* \textheight=244.6939pt
* \oddsidemargin=-43.81725pt
* \evensidemargin=-43.81725pt
* \topmargin=-72.26999pt
* \headheight=14.22636pt
* \headsep=0.0pt
* \topskip=11.0pt
* \footskip=14.22636pt
* \marginparwidth=4.0pt
* \marginparsep=10.0pt
* \columnsep=10.0pt
* \skip\footins=10.0pt plus 4.0pt minus 2.0pt
* \hoffset=0.0pt
* \voffset=0.0pt
* \mag=1000
* \@twocolumnfalse
* \@twosidefalse
* \@mparswitchfalse
* \@reversemarginfalse
* (1in=72.27pt=25.4mm, 1cm=28.453pt)

(/usr/share/texlive/texmf-dist/tex/context/base/supp-pdf.mkii
[Loading MPS to PDF converter (version 2006.09.02).]
\scratchcounter=\count307
\scratchdimen=\dimen329
\scratchbox=\box96
\nofMPsegments=\count308
\nofMParguments=\count309
\everyMPshowfont=\toks51
\MPscratchCnt=\count310
\MPscratchDim=\dimen330
\MPnumerator=\count311
\makeMPintoPDFobject=\count312
\everyMPtoPDFconversion=\toks52
) (/usr/share/texlive/texmf-dist/tex/latex/oberdiek/epstopdf-base.sty
Package: epstopdf-base 2010/02/09 v2.5 Base part for package epstopdf

(/usr/share/texlive/texmf-dist/tex/latex/oberdiek/grfext.sty
Package: grfext 2010/08/19 v1.1 Manage graphics extensions (HO)
)
Package grfext Info: Graphics extension search list:
(grfext)             [.png,.pdf,.jpg,.mps,.jpeg,.jbig2,.jb2,.PNG,.PDF,.JPG,.JPE
G,.JBIG2,.JB2,.eps]
(grfext)             \AppendGraphicsExtensions on input line 452.

(/usr/share/texlive/texmf-dist/tex/latex/latexconfig/epstopdf-sys.cfg
File: epstopdf-sys.cfg 2010/07/13 v1.3 Configuration of (r)epstopdf for TeX Liv
e
))
ABD: EveryShipout initializing macros
\AtBeginShipoutBox=\box97
Package hyperref Info: Link coloring OFF on input line 45.

(/usr/share/texlive/texmf-dist/tex/latex/hyperref/nameref.sty
Package: nameref 2012/10/27 v2.43 Cross-referencing by name of section

(/usr/share/texlive/texmf-dist/tex/generic/oberdiek/gettitlestring.sty
Package: gettitlestring 2010/12/03 v1.4 Cleanup title references (HO)
)
\c@section@level=\count313
)
LaTeX Info: Redefining \ref on input line 45.
LaTeX Info: Redefining \pageref on input line 45.
LaTeX Info: Redefining \nameref on input line 45.

(./AI_Forum_slides.out) (./AI_Forum_slides.out)
\@outlinefile=\write5
\openout5 = `AI_Forum_slides.out'.

LaTeX Font Info:    Overwriting symbol font `operators' in version `normal'
(Font)                  OT1/cmr/m/n --> OT1/cmss/m/n on input line 45.
LaTeX Font Info:    Overwriting symbol font `operators' in version `bold'
(Font)                  OT1/cmr/bx/n --> OT1/cmss/bx/n on input line 45.
\symnumbers=\mathgroup6
\sympureletters=\mathgroup7
LaTeX Font Info:    Overwriting math alphabet `\mathrm' in version `normal'
(Font)                  OT1/cmss/m/n --> OT1/cmr/m/n on input line 45.
LaTeX Font Info:    Redeclaring math alphabet \mathbf on input line 45.
LaTeX Font Info:    Overwriting math alphabet `\mathbf' in version `normal'
(Font)                  OT1/cmr/bx/n --> OT1/cmss/bx/n on input line 45.
LaTeX Font Info:    Overwriting math alphabet `\mathbf' in version `bold'
(Font)                  OT1/cmr/bx/n --> OT1/cmss/bx/n on input line 45.
LaTeX Font Info:    Redeclaring math alphabet \mathsf on input line 45.
LaTeX Font Info:    Overwriting math alphabet `\mathsf' in version `normal'
(Font)                  OT1/cmss/m/n --> OT1/cmss/m/n on input line 45.
LaTeX Font Info:    Overwriting math alphabet `\mathsf' in version `bold'
(Font)                  OT1/cmss/bx/n --> OT1/cmss/m/n on input line 45.
LaTeX Font Info:    Redeclaring math alphabet \mathit on input line 45.
LaTeX Font Info:    Overwriting math alphabet `\mathit' in version `normal'
(Font)                  OT1/cmr/m/it --> OT1/cmss/m/it on input line 45.
LaTeX Font Info:    Overwriting math alphabet `\mathit' in version `bold'
(Font)                  OT1/cmr/bx/it --> OT1/cmss/m/it on input line 45.
LaTeX Font Info:    Redeclaring math alphabet \mathtt on input line 45.
LaTeX Font Info:    Overwriting math alphabet `\mathtt' in version `normal'
(Font)                  OT1/cmtt/m/n --> OT1/cmtt/m/n on input line 45.
LaTeX Font Info:    Overwriting math alphabet `\mathtt' in version `bold'
(Font)                  OT1/cmtt/m/n --> OT1/cmtt/m/n on input line 45.
LaTeX Font Info:    Overwriting symbol font `numbers' in version `bold'
(Font)                  OT1/cmss/m/n --> OT1/cmss/bx/n on input line 45.
LaTeX Font Info:    Overwriting symbol font `pureletters' in version `bold'
(Font)                  OT1/cmss/m/it --> OT1/cmss/bx/it on input line 45.
LaTeX Font Info:    Overwriting math alphabet `\mathrm' in version `bold'
(Font)                  OT1/cmss/bx/n --> OT1/cmr/bx/n on input line 45.
LaTeX Font Info:    Overwriting math alphabet `\mathbf' in version `bold'
(Font)                  OT1/cmss/bx/n --> OT1/cmss/bx/n on input line 45.
LaTeX Font Info:    Overwriting math alphabet `\mathsf' in version `bold'
(Font)                  OT1/cmss/m/n --> OT1/cmss/bx/n on input line 45.
LaTeX Font Info:    Overwriting math alphabet `\mathit' in version `bold'
(Font)                  OT1/cmss/m/it --> OT1/cmss/bx/it on input line 45.
LaTeX Font Info:    Overwriting math alphabet `\mathtt' in version `bold'
(Font)                  OT1/cmtt/m/n --> OT1/cmtt/bx/n on input line 45.

(/usr/share/texlive/texmf-dist/tex/latex/beamer/translator/dicts/translator-bas
ic-dictionary/translator-basic-dictionary-English.dict
Dictionary: translator-basic-dictionary, Language: English 
)
(/usr/share/texlive/texmf-dist/tex/latex/beamer/translator/dicts/translator-bib
liography-dictionary/translator-bibliography-dictionary-English.dict
Dictionary: translator-bibliography-dictionary, Language: English 
)
(/usr/share/texlive/texmf-dist/tex/latex/beamer/translator/dicts/translator-env
ironment-dictionary/translator-environment-dictionary-English.dict
Dictionary: translator-environment-dictionary, Language: English 
)
(/usr/share/texlive/texmf-dist/tex/latex/beamer/translator/dicts/translator-mon
ths-dictionary/translator-months-dictionary-English.dict
Dictionary: translator-months-dictionary, Language: English 
)
(/usr/share/texlive/texmf-dist/tex/latex/beamer/translator/dicts/translator-num
bers-dictionary/translator-numbers-dictionary-English.dict
Dictionary: translator-numbers-dictionary, Language: English 
)
(/usr/share/texlive/texmf-dist/tex/latex/beamer/translator/dicts/translator-the
orem-dictionary/translator-theorem-dictionary-English.dict
Dictionary: translator-theorem-dictionary, Language: English 
)
LaTeX Info: Redefining \includegraphics on input line 45.
Package caption Info: Begin \AtBeginDocument code.
Package caption Info: End \AtBeginDocument code.


Package pgfplots Warning: running in backwards compatibility mode (unsuitable t
ick labels; missing features). Consider writing \pgfplotsset{compat=1.13} into 
your preamble.
 on input line 45.

(./AI_Forum_slides.nav)
\openout4 = `AI_Forum_slides.vrb'.

 (./AI_Forum_slides.vrb)

LaTeX Font Warning: Font shape `OT1/cmss/m/n' in size <4> not available
(Font)              size <5> substituted on input line 49.

[1

{/var/lib/texmf/fonts/map/pdftex/updmap/pdftex.map}]
\openout4 = `AI_Forum_slides.vrb'.

 (./AI_Forum_slides.vrb
LaTeX Font Info:    Try loading font information for U+msa on input line 11.

(/usr/share/texlive/texmf-dist/tex/latex/amsfonts/umsa.fd
File: umsa.fd 2013/01/14 v3.01 AMS symbols A
)
LaTeX Font Info:    Try loading font information for U+msb on input line 11.

(/usr/share/texlive/texmf-dist/tex/latex/amsfonts/umsb.fd
File: umsb.fd 2013/01/14 v3.01 AMS symbols B
)) [2

] [3

]
<gan_architecture_nvidia.png, id=129, 941.76843pt x 347.04657pt>
File: gan_architecture_nvidia.png Graphic file (type png)

<use gan_architecture_nvidia.png>
Package pdftex.def Info: gan_architecture_nvidia.png used on input line 155.
(pdftex.def)             Requested size: 282.5327pt x 104.11476pt.
 [4

 <./gan_architecture_nvidia.png>]
</home/crgerst/src/GAN/samples/CelebA/wgangp_test_CelebA_generator_size/somethi
ng-0.png, id=160, 513.92pt x 513.92pt>
File: /home/crgerst/src/GAN/samples/CelebA/wgangp_test_CelebA_generator_size/so
mething-0.png Graphic file (type png)

<use /home/crgerst/src/GAN/samples/CelebA/wgangp_test_CelebA_generator_size/som
ething-0.png>
Package pdftex.def Info: /home/crgerst/src/GAN/samples/CelebA/wgangp_test_Celeb
A_generator_size/something-0.png used on input line 163.
(pdftex.def)             Requested size: 513.91873pt x 513.91873pt.
 </home/crgerst/src/GAN/samples/CelebA/wgangp_test_CelebA_generator_size/someth
ing-0.png (PNG copy)> <a0,fr0>
</home/crgerst/src/GAN/samples/CelebA/wgangp_test_CelebA_generator_size/somethi
ng-1.png, id=168, 513.92pt x 513.92pt>
File: /home/crgerst/src/GAN/samples/CelebA/wgangp_test_CelebA_generator_size/so
mething-1.png Graphic file (type png)

<use /home/crgerst/src/GAN/samples/CelebA/wgangp_test_CelebA_generator_size/som
ething-1.png>
Package pdftex.def Info: /home/crgerst/src/GAN/samples/CelebA/wgangp_test_Celeb
A_generator_size/something-1.png used on input line 163.
(pdftex.def)             Requested size: 513.91873pt x 513.91873pt.
 </home/crgerst/src/GAN/samples/CelebA/wgangp_test_CelebA_generator_size/someth
ing-1.png (PNG copy)> <a0,fr1>
</home/crgerst/src/GAN/samples/CelebA/wgangp_test_CelebA_generator_size/somethi
ng-2.png, id=176, 513.92pt x 513.92pt>
File: /home/crgerst/src/GAN/samples/CelebA/wgangp_test_CelebA_generator_size/so
mething-2.png Graphic file (type png)

<use /home/crgerst/src/GAN/samples/CelebA/wgangp_test_CelebA_generator_size/som
ething-2.png>
Package pdftex.def Info: /home/crgerst/src/GAN/samples/CelebA/wgangp_test_Celeb
A_generator_size/something-2.png used on input line 163.
(pdftex.def)             Requested size: 513.91873pt x 513.91873pt.
 </home/crgerst/src/GAN/samples/CelebA/wgangp_test_CelebA_generator_size/someth
ing-2.png (PNG copy)> <a0,fr2>
</home/crgerst/src/GAN/samples/CelebA/wgangp_test_CelebA_generator_size/somethi
ng-3.png, id=184, 513.92pt x 513.92pt>
File: /home/crgerst/src/GAN/samples/CelebA/wgangp_test_CelebA_generator_size/so
mething-3.png Graphic file (type png)

<use /home/crgerst/src/GAN/samples/CelebA/wgangp_test_CelebA_generator_size/som
ething-3.png>
Package pdftex.def Info: /home/crgerst/src/GAN/samples/CelebA/wgangp_test_Celeb
A_generator_size/something-3.png used on input line 163.
(pdftex.def)             Requested size: 513.91873pt x 513.91873pt.
 </home/crgerst/src/GAN/samples/CelebA/wgangp_test_CelebA_generator_size/someth
ing-3.png (PNG copy)> <a0,fr3> [5

]
<fixed_person-0.png, id=220, 64.24pt x 64.24pt>
File: fixed_person-0.png Graphic file (type png)
 <use fixed_person-0.png>
Package pdftex.def Info: fixed_person-0.png used on input line 172.
(pdftex.def)             Requested size: 64.23984pt x 64.23984pt.
 <./fixed_person-0.png> <a1,fr0> <fixed_person-1.png, id=229, 64.24pt x 64.24pt
>
File: fixed_person-1.png Graphic file (type png)

<use fixed_person-1.png>
Package pdftex.def Info: fixed_person-1.png used on input line 172.
(pdftex.def)             Requested size: 64.23984pt x 64.23984pt.
 <./fixed_person-1.png> <a1,fr1>
<fixed_person-2.png, id=238, 64.24pt x 64.24pt>
File: fixed_person-2.png Graphic file (type png)
 <use fixed_person-2.png>
Package pdftex.def Info: fixed_person-2.png used on input line 172.
(pdftex.def)             Requested size: 64.23984pt x 64.23984pt.
 <./fixed_person-2.png> <a1,fr2> <fixed_person-3.png, id=247, 64.24pt x 64.24pt
>
File: fixed_person-3.png Graphic file (type png)

<use fixed_person-3.png>
Package pdftex.def Info: fixed_person-3.png used on input line 172.
(pdftex.def)             Requested size: 64.23984pt x 64.23984pt.
 <./fixed_person-3.png> <a1,fr3>
<fixed_person-4.png, id=256, 64.24pt x 64.24pt>
File: fixed_person-4.png Graphic file (type png)
 <use fixed_person-4.png>
Package pdftex.def Info: fixed_person-4.png used on input line 172.
(pdftex.def)             Requested size: 64.23984pt x 64.23984pt.
 <./fixed_person-4.png> <a1,fr4> <fixed_person-5.png, id=265, 64.24pt x 64.24pt
>
File: fixed_person-5.png Graphic file (type png)

<use fixed_person-5.png>
Package pdftex.def Info: fixed_person-5.png used on input line 172.
(pdftex.def)             Requested size: 64.23984pt x 64.23984pt.
 <./fixed_person-5.png> <a1,fr5>
<fixed_person-6.png, id=274, 64.24pt x 64.24pt>
File: fixed_person-6.png Graphic file (type png)
 <use fixed_person-6.png>
Package pdftex.def Info: fixed_person-6.png used on input line 172.
(pdftex.def)             Requested size: 64.23984pt x 64.23984pt.
 <./fixed_person-6.png> <a1,fr6> <fixed_person-7.png, id=283, 64.24pt x 64.24pt
>
File: fixed_person-7.png Graphic file (type png)

<use fixed_person-7.png>
Package pdftex.def Info: fixed_person-7.png used on input line 172.
(pdftex.def)             Requested size: 64.23984pt x 64.23984pt.
 <./fixed_person-7.png> <a1,fr7>
<fixed_person-8.png, id=292, 64.24pt x 64.24pt>
File: fixed_person-8.png Graphic file (type png)
 <use fixed_person-8.png>
Package pdftex.def Info: fixed_person-8.png used on input line 172.
(pdftex.def)             Requested size: 64.23984pt x 64.23984pt.
 <./fixed_person-8.png> <a1,fr8> <fixed_person-9.png, id=301, 64.24pt x 64.24pt
>
File: fixed_person-9.png Graphic file (type png)

<use fixed_person-9.png>
Package pdftex.def Info: fixed_person-9.png used on input line 172.
(pdftex.def)             Requested size: 64.23984pt x 64.23984pt.
 <./fixed_person-9.png> <a1,fr9>
<fixed_person-10.png, id=310, 64.24pt x 64.24pt>
File: fixed_person-10.png Graphic file (type png)
 <use fixed_person-10.png>
Package pdftex.def Info: fixed_person-10.png used on input line 172.
(pdftex.def)             Requested size: 64.23984pt x 64.23984pt.
 <./fixed_person-10.png> <a1,fr10> <fixed_person-11.png, id=319, 64.24pt x 64.2
4pt>
File: fixed_person-11.png Graphic file (type png)

<use fixed_person-11.png>
Package pdftex.def Info: fixed_person-11.png used on input line 172.
(pdftex.def)             Requested size: 64.23984pt x 64.23984pt.
 <./fixed_person-11.png> <a1,fr11>
<fixed_person-12.png, id=328, 64.24pt x 64.24pt>
File: fixed_person-12.png Graphic file (type png)
 <use fixed_person-12.png>
Package pdftex.def Info: fixed_person-12.png used on input line 172.
(pdftex.def)             Requested size: 64.23984pt x 64.23984pt.
 <./fixed_person-12.png> <a1,fr12> <fixed_person-13.png, id=337, 64.24pt x 64.2
4pt>
File: fixed_person-13.png Graphic file (type png)

<use fixed_person-13.png>
Package pdftex.def Info: fixed_person-13.png used on input line 172.
(pdftex.def)             Requested size: 64.23984pt x 64.23984pt.
 <./fixed_person-13.png> <a1,fr13>
<fixed_person-14.png, id=346, 64.24pt x 64.24pt>
File: fixed_person-14.png Graphic file (type png)
 <use fixed_person-14.png>
Package pdftex.def Info: fixed_person-14.png used on input line 172.
(pdftex.def)             Requested size: 64.23984pt x 64.23984pt.
 <./fixed_person-14.png> <a1,fr14> <fixed_person-15.png, id=355, 64.24pt x 64.2
4pt>
File: fixed_person-15.png Graphic file (type png)

<use fixed_person-15.png>
Package pdftex.def Info: fixed_person-15.png used on input line 172.
(pdftex.def)             Requested size: 64.23984pt x 64.23984pt.
 <./fixed_person-15.png> <a1,fr15>
<fixed_person-16.png, id=365, 64.24pt x 64.24pt>
File: fixed_person-16.png Graphic file (type png)
 <use fixed_person-16.png>
Package pdftex.def Info: fixed_person-16.png used on input line 172.
(pdftex.def)             Requested size: 64.23984pt x 64.23984pt.
 <./fixed_person-16.png> <a1,fr16> <fixed_person-17.png, id=374, 64.24pt x 64.2
4pt>
File: fixed_person-17.png Graphic file (type png)

<use fixed_person-17.png>
Package pdftex.def Info: fixed_person-17.png used on input line 172.
(pdftex.def)             Requested size: 64.23984pt x 64.23984pt.
 <./fixed_person-17.png> <a1,fr17>
<fixed_person-18.png, id=383, 64.24pt x 64.24pt>
File: fixed_person-18.png Graphic file (type png)
 <use fixed_person-18.png>
Package pdftex.def Info: fixed_person-18.png used on input line 172.
(pdftex.def)             Requested size: 64.23984pt x 64.23984pt.
 <./fixed_person-18.png> <a1,fr18> <fixed_person-19.png, id=392, 64.24pt x 64.2
4pt>
File: fixed_person-19.png Graphic file (type png)

<use fixed_person-19.png>
Package pdftex.def Info: fixed_person-19.png used on input line 172.
(pdftex.def)             Requested size: 64.23984pt x 64.23984pt.
 <./fixed_person-19.png> <a1,fr19>
<fixed_person-20.png, id=401, 64.24pt x 64.24pt>
File: fixed_person-20.png Graphic file (type png)
 <use fixed_person-20.png>
Package pdftex.def Info: fixed_person-20.png used on input line 172.
(pdftex.def)             Requested size: 64.23984pt x 64.23984pt.
 <./fixed_person-20.png> <a1,fr20> <fixed_person-21.png, id=410, 64.24pt x 64.2
4pt>
File: fixed_person-21.png Graphic file (type png)

<use fixed_person-21.png>
Package pdftex.def Info: fixed_person-21.png used on input line 172.
(pdftex.def)             Requested size: 64.23984pt x 64.23984pt.
 <./fixed_person-21.png> <a1,fr21>
<fixed_person-22.png, id=419, 64.24pt x 64.24pt>
File: fixed_person-22.png Graphic file (type png)
 <use fixed_person-22.png>
Package pdftex.def Info: fixed_person-22.png used on input line 172.
(pdftex.def)             Requested size: 64.23984pt x 64.23984pt.
 <./fixed_person-22.png> <a1,fr22> <fixed_person-23.png, id=428, 64.24pt x 64.2
4pt>
File: fixed_person-23.png Graphic file (type png)

<use fixed_person-23.png>
Package pdftex.def Info: fixed_person-23.png used on input line 172.
(pdftex.def)             Requested size: 64.23984pt x 64.23984pt.
 <./fixed_person-23.png> <a1,fr23>
<fixed_person-24.png, id=437, 64.24pt x 64.24pt>
File: fixed_person-24.png Graphic file (type png)
 <use fixed_person-24.png>
Package pdftex.def Info: fixed_person-24.png used on input line 172.
(pdftex.def)             Requested size: 64.23984pt x 64.23984pt.
 <./fixed_person-24.png> <a1,fr24> <fixed_person-25.png, id=446, 64.24pt x 64.2
4pt>
File: fixed_person-25.png Graphic file (type png)

<use fixed_person-25.png>
Package pdftex.def Info: fixed_person-25.png used on input line 172.
(pdftex.def)             Requested size: 64.23984pt x 64.23984pt.
 <./fixed_person-25.png> <a1,fr25>
<fixed_person-26.png, id=455, 64.24pt x 64.24pt>
File: fixed_person-26.png Graphic file (type png)
 <use fixed_person-26.png>
Package pdftex.def Info: fixed_person-26.png used on input line 172.
(pdftex.def)             Requested size: 64.23984pt x 64.23984pt.
 <./fixed_person-26.png> <a1,fr26> <fixed_person-27.png, id=464, 64.24pt x 64.2
4pt>
File: fixed_person-27.png Graphic file (type png)

<use fixed_person-27.png>
Package pdftex.def Info: fixed_person-27.png used on input line 172.
(pdftex.def)             Requested size: 64.23984pt x 64.23984pt.
 <./fixed_person-27.png> <a1,fr27>
<fixed_person-28.png, id=473, 64.24pt x 64.24pt>
File: fixed_person-28.png Graphic file (type png)
 <use fixed_person-28.png>
Package pdftex.def Info: fixed_person-28.png used on input line 172.
(pdftex.def)             Requested size: 64.23984pt x 64.23984pt.
 <./fixed_person-28.png> <a1,fr28> <fixed_person-29.png, id=482, 64.24pt x 64.2
4pt>
File: fixed_person-29.png Graphic file (type png)

<use fixed_person-29.png>
Package pdftex.def Info: fixed_person-29.png used on input line 172.
(pdftex.def)             Requested size: 64.23984pt x 64.23984pt.
 <./fixed_person-29.png> <a1,fr29>
<fixed_person-30.png, id=491, 64.24pt x 64.24pt>
File: fixed_person-30.png Graphic file (type png)
 <use fixed_person-30.png>
Package pdftex.def Info: fixed_person-30.png used on input line 172.
(pdftex.def)             Requested size: 64.23984pt x 64.23984pt.
 <./fixed_person-30.png> <a1,fr30> <fixed_person-31.png, id=500, 64.24pt x 64.2
4pt>
File: fixed_person-31.png Graphic file (type png)

<use fixed_person-31.png>
Package pdftex.def Info: fixed_person-31.png used on input line 172.
(pdftex.def)             Requested size: 64.23984pt x 64.23984pt.
 <./fixed_person-31.png> <a1,fr31>
<fixed_person-32.png, id=509, 64.24pt x 64.24pt>
File: fixed_person-32.png Graphic file (type png)
 <use fixed_person-32.png>
Package pdftex.def Info: fixed_person-32.png used on input line 172.
(pdftex.def)             Requested size: 64.23984pt x 64.23984pt.
 <./fixed_person-32.png> <a1,fr32> <fixed_person-33.png, id=518, 64.24pt x 64.2
4pt>
File: fixed_person-33.png Graphic file (type png)

<use fixed_person-33.png>
Package pdftex.def Info: fixed_person-33.png used on input line 172.
(pdftex.def)             Requested size: 64.23984pt x 64.23984pt.
 <./fixed_person-33.png> <a1,fr33>
<fixed_person-34.png, id=527, 64.24pt x 64.24pt>
File: fixed_person-34.png Graphic file (type png)
 <use fixed_person-34.png>
Package pdftex.def Info: fixed_person-34.png used on input line 172.
(pdftex.def)             Requested size: 64.23984pt x 64.23984pt.
 <./fixed_person-34.png> <a1,fr34> <fixed_person-35.png, id=536, 64.24pt x 64.2
4pt>
File: fixed_person-35.png Graphic file (type png)

<use fixed_person-35.png>
Package pdftex.def Info: fixed_person-35.png used on input line 172.
(pdftex.def)             Requested size: 64.23984pt x 64.23984pt.
 <./fixed_person-35.png> <a1,fr35>
<fixed_person-36.png, id=545, 64.24pt x 64.24pt>
File: fixed_person-36.png Graphic file (type png)
 <use fixed_person-36.png>
Package pdftex.def Info: fixed_person-36.png used on input line 172.
(pdftex.def)             Requested size: 64.23984pt x 64.23984pt.
 <./fixed_person-36.png> <a1,fr36> <fixed_person-37.png, id=554, 64.24pt x 64.2
4pt>
File: fixed_person-37.png Graphic file (type png)

<use fixed_person-37.png>
Package pdftex.def Info: fixed_person-37.png used on input line 172.
(pdftex.def)             Requested size: 64.23984pt x 64.23984pt.
 <./fixed_person-37.png> <a1,fr37>
<fixed_person-38.png, id=563, 64.24pt x 64.24pt>
File: fixed_person-38.png Graphic file (type png)
 <use fixed_person-38.png>
Package pdftex.def Info: fixed_person-38.png used on input line 172.
(pdftex.def)             Requested size: 64.23984pt x 64.23984pt.
 <./fixed_person-38.png> <a1,fr38> <fixed_person-39.png, id=572, 64.24pt x 64.2
4pt>
File: fixed_person-39.png Graphic file (type png)

<use fixed_person-39.png>
Package pdftex.def Info: fixed_person-39.png used on input line 172.
(pdftex.def)             Requested size: 64.23984pt x 64.23984pt.
 <./fixed_person-39.png> <a1,fr39>
<fixed_person-40.png, id=581, 64.24pt x 64.24pt>
File: fixed_person-40.png Graphic file (type png)
 <use fixed_person-40.png>
Package pdftex.def Info: fixed_person-40.png used on input line 172.
(pdftex.def)             Requested size: 64.23984pt x 64.23984pt.
 <./fixed_person-40.png> <a1,fr40> <fixed_person-41.png, id=590, 64.24pt x 64.2
4pt>
File: fixed_person-41.png Graphic file (type png)

<use fixed_person-41.png>
Package pdftex.def Info: fixed_person-41.png used on input line 172.
(pdftex.def)             Requested size: 64.23984pt x 64.23984pt.
 <./fixed_person-41.png> <a1,fr41>
<fixed_person-42.png, id=599, 64.24pt x 64.24pt>
File: fixed_person-42.png Graphic file (type png)
 <use fixed_person-42.png>
Package pdftex.def Info: fixed_person-42.png used on input line 172.
(pdftex.def)             Requested size: 64.23984pt x 64.23984pt.
 <./fixed_person-42.png> <a1,fr42> <fixed_person-43.png, id=608, 64.24pt x 64.2
4pt>
File: fixed_person-43.png Graphic file (type png)

<use fixed_person-43.png>
Package pdftex.def Info: fixed_person-43.png used on input line 172.
(pdftex.def)             Requested size: 64.23984pt x 64.23984pt.
 <./fixed_person-43.png> <a1,fr43>
<fixed_person-44.png, id=617, 64.24pt x 64.24pt>
File: fixed_person-44.png Graphic file (type png)
 <use fixed_person-44.png>
Package pdftex.def Info: fixed_person-44.png used on input line 172.
(pdftex.def)             Requested size: 64.23984pt x 64.23984pt.
 <./fixed_person-44.png> <a1,fr44> <fixed_person-45.png, id=626, 64.24pt x 64.2
4pt>
File: fixed_person-45.png Graphic file (type png)

<use fixed_person-45.png>
Package pdftex.def Info: fixed_person-45.png used on input line 172.
(pdftex.def)             Requested size: 64.23984pt x 64.23984pt.
 <./fixed_person-45.png> <a1,fr45>
<fixed_person-46.png, id=635, 64.24pt x 64.24pt>
File: fixed_person-46.png Graphic file (type png)
 <use fixed_person-46.png>
Package pdftex.def Info: fixed_person-46.png used on input line 172.
(pdftex.def)             Requested size: 64.23984pt x 64.23984pt.
 <./fixed_person-46.png> <a1,fr46> <fixed_person-47.png, id=644, 64.24pt x 64.2
4pt>
File: fixed_person-47.png Graphic file (type png)

<use fixed_person-47.png>
Package pdftex.def Info: fixed_person-47.png used on input line 172.
(pdftex.def)             Requested size: 64.23984pt x 64.23984pt.
 <./fixed_person-47.png> <a1,fr47>
<fixed_person-48.png, id=653, 64.24pt x 64.24pt>
File: fixed_person-48.png Graphic file (type png)
 <use fixed_person-48.png>
Package pdftex.def Info: fixed_person-48.png used on input line 172.
(pdftex.def)             Requested size: 64.23984pt x 64.23984pt.
 <./fixed_person-48.png> <a1,fr48> <fixed_person-49.png, id=663, 64.24pt x 64.2
4pt>
File: fixed_person-49.png Graphic file (type png)

<use fixed_person-49.png>
Package pdftex.def Info: fixed_person-49.png used on input line 172.
(pdftex.def)             Requested size: 64.23984pt x 64.23984pt.
 <./fixed_person-49.png> <a1,fr49>
<fixed_person-50.png, id=672, 64.24pt x 64.24pt>
File: fixed_person-50.png Graphic file (type png)
 <use fixed_person-50.png>
Package pdftex.def Info: fixed_person-50.png used on input line 172.
(pdftex.def)             Requested size: 64.23984pt x 64.23984pt.
 <./fixed_person-50.png> <a1,fr50> <fixed_person-51.png, id=681, 64.24pt x 64.2
4pt>
File: fixed_person-51.png Graphic file (type png)

<use fixed_person-51.png>
Package pdftex.def Info: fixed_person-51.png used on input line 172.
(pdftex.def)             Requested size: 64.23984pt x 64.23984pt.
 <./fixed_person-51.png> <a1,fr51>
<fixed_person-52.png, id=690, 64.24pt x 64.24pt>
File: fixed_person-52.png Graphic file (type png)
 <use fixed_person-52.png>
Package pdftex.def Info: fixed_person-52.png used on input line 172.
(pdftex.def)             Requested size: 64.23984pt x 64.23984pt.
 <./fixed_person-52.png> <a1,fr52> <fixed_person-53.png, id=699, 64.24pt x 64.2
4pt>
File: fixed_person-53.png Graphic file (type png)

<use fixed_person-53.png>
Package pdftex.def Info: fixed_person-53.png used on input line 172.
(pdftex.def)             Requested size: 64.23984pt x 64.23984pt.
 <./fixed_person-53.png> <a1,fr53>
<fixed_person-54.png, id=708, 64.24pt x 64.24pt>
File: fixed_person-54.png Graphic file (type png)
 <use fixed_person-54.png>
Package pdftex.def Info: fixed_person-54.png used on input line 172.
(pdftex.def)             Requested size: 64.23984pt x 64.23984pt.
 <./fixed_person-54.png> <a1,fr54> <fixed_person-55.png, id=717, 64.24pt x 64.2
4pt>
File: fixed_person-55.png Graphic file (type png)

<use fixed_person-55.png>
Package pdftex.def Info: fixed_person-55.png used on input line 172.
(pdftex.def)             Requested size: 64.23984pt x 64.23984pt.
 <./fixed_person-55.png> <a1,fr55>
<fixed_person-56.png, id=726, 64.24pt x 64.24pt>
File: fixed_person-56.png Graphic file (type png)
 <use fixed_person-56.png>
Package pdftex.def Info: fixed_person-56.png used on input line 172.
(pdftex.def)             Requested size: 64.23984pt x 64.23984pt.
 <./fixed_person-56.png> <a1,fr56> <fixed_person-57.png, id=735, 64.24pt x 64.2
4pt>
File: fixed_person-57.png Graphic file (type png)

<use fixed_person-57.png>
Package pdftex.def Info: fixed_person-57.png used on input line 172.
(pdftex.def)             Requested size: 64.23984pt x 64.23984pt.
 <./fixed_person-57.png> <a1,fr57>
<fixed_person-58.png, id=744, 64.24pt x 64.24pt>
File: fixed_person-58.png Graphic file (type png)
 <use fixed_person-58.png>
Package pdftex.def Info: fixed_person-58.png used on input line 172.
(pdftex.def)             Requested size: 64.23984pt x 64.23984pt.
 <./fixed_person-58.png> <a1,fr58> <fixed_person-59.png, id=753, 64.24pt x 64.2
4pt>
File: fixed_person-59.png Graphic file (type png)

<use fixed_person-59.png>
Package pdftex.def Info: fixed_person-59.png used on input line 172.
(pdftex.def)             Requested size: 64.23984pt x 64.23984pt.
 <./fixed_person-59.png> <a1,fr59>
<fixed_person-60.png, id=762, 64.24pt x 64.24pt>
File: fixed_person-60.png Graphic file (type png)
 <use fixed_person-60.png>
Package pdftex.def Info: fixed_person-60.png used on input line 172.
(pdftex.def)             Requested size: 64.23984pt x 64.23984pt.
 <./fixed_person-60.png> <a1,fr60> <fixed_person-61.png, id=771, 64.24pt x 64.2
4pt>
File: fixed_person-61.png Graphic file (type png)

<use fixed_person-61.png>
Package pdftex.def Info: fixed_person-61.png used on input line 172.
(pdftex.def)             Requested size: 64.23984pt x 64.23984pt.
 <./fixed_person-61.png> <a1,fr61>
<fixed_person-62.png, id=780, 64.24pt x 64.24pt>
File: fixed_person-62.png Graphic file (type png)
 <use fixed_person-62.png>
Package pdftex.def Info: fixed_person-62.png used on input line 172.
(pdftex.def)             Requested size: 64.23984pt x 64.23984pt.
 <./fixed_person-62.png> <a1,fr62> <fixed_person-63.png, id=789, 64.24pt x 64.2
4pt>
File: fixed_person-63.png Graphic file (type png)

<use fixed_person-63.png>
Package pdftex.def Info: fixed_person-63.png used on input line 172.
(pdftex.def)             Requested size: 64.23984pt x 64.23984pt.
 <./fixed_person-63.png> <a1,fr63>
<fixed_person-64.png, id=798, 64.24pt x 64.24pt>
File: fixed_person-64.png Graphic file (type png)
 <use fixed_person-64.png>
Package pdftex.def Info: fixed_person-64.png used on input line 172.
(pdftex.def)             Requested size: 64.23984pt x 64.23984pt.
 <./fixed_person-64.png> <a1,fr64> <fixed_person-65.png, id=807, 64.24pt x 64.2
4pt>
File: fixed_person-65.png Graphic file (type png)

<use fixed_person-65.png>
Package pdftex.def Info: fixed_person-65.png used on input line 172.
(pdftex.def)             Requested size: 64.23984pt x 64.23984pt.
 <./fixed_person-65.png> <a1,fr65>
<fixed_person-66.png, id=816, 64.24pt x 64.24pt>
File: fixed_person-66.png Graphic file (type png)
 <use fixed_person-66.png>
Package pdftex.def Info: fixed_person-66.png used on input line 172.
(pdftex.def)             Requested size: 64.23984pt x 64.23984pt.
 <./fixed_person-66.png> <a1,fr66> <fixed_person-67.png, id=825, 64.24pt x 64.2
4pt>
File: fixed_person-67.png Graphic file (type png)

<use fixed_person-67.png>
Package pdftex.def Info: fixed_person-67.png used on input line 172.
(pdftex.def)             Requested size: 64.23984pt x 64.23984pt.
 <./fixed_person-67.png> <a1,fr67>
<fixed_person-68.png, id=834, 64.24pt x 64.24pt>
File: fixed_person-68.png Graphic file (type png)
 <use fixed_person-68.png>
Package pdftex.def Info: fixed_person-68.png used on input line 172.
(pdftex.def)             Requested size: 64.23984pt x 64.23984pt.
 <./fixed_person-68.png> <a1,fr68> <fixed_person-69.png, id=843, 64.24pt x 64.2
4pt>
File: fixed_person-69.png Graphic file (type png)

<use fixed_person-69.png>
Package pdftex.def Info: fixed_person-69.png used on input line 172.
(pdftex.def)             Requested size: 64.23984pt x 64.23984pt.
 <./fixed_person-69.png> <a1,fr69>
<fixed_person-70.png, id=852, 64.24pt x 64.24pt>
File: fixed_person-70.png Graphic file (type png)
 <use fixed_person-70.png>
Package pdftex.def Info: fixed_person-70.png used on input line 172.
(pdftex.def)             Requested size: 64.23984pt x 64.23984pt.
 <./fixed_person-70.png> <a1,fr70> <fixed_person-71.png, id=861, 64.24pt x 64.2
4pt>
File: fixed_person-71.png Graphic file (type png)

<use fixed_person-71.png>
Package pdftex.def Info: fixed_person-71.png used on input line 172.
(pdftex.def)             Requested size: 64.23984pt x 64.23984pt.
 <./fixed_person-71.png> <a1,fr71>
<fixed_person-72.png, id=870, 64.24pt x 64.24pt>
File: fixed_person-72.png Graphic file (type png)
 <use fixed_person-72.png>
Package pdftex.def Info: fixed_person-72.png used on input line 172.
(pdftex.def)             Requested size: 64.23984pt x 64.23984pt.
 <./fixed_person-72.png> <a1,fr72> <fixed_person-73.png, id=879, 64.24pt x 64.2
4pt>
File: fixed_person-73.png Graphic file (type png)

<use fixed_person-73.png>
Package pdftex.def Info: fixed_person-73.png used on input line 172.
(pdftex.def)             Requested size: 64.23984pt x 64.23984pt.
 <./fixed_person-73.png> <a1,fr73>
<fixed_person-74.png, id=888, 64.24pt x 64.24pt>
File: fixed_person-74.png Graphic file (type png)
 <use fixed_person-74.png>
Package pdftex.def Info: fixed_person-74.png used on input line 172.
(pdftex.def)             Requested size: 64.23984pt x 64.23984pt.
 <./fixed_person-74.png> <a1,fr74> <fixed_person-75.png, id=897, 64.24pt x 64.2
4pt>
File: fixed_person-75.png Graphic file (type png)

<use fixed_person-75.png>
Package pdftex.def Info: fixed_person-75.png used on input line 172.
(pdftex.def)             Requested size: 64.23984pt x 64.23984pt.
 <./fixed_person-75.png> <a1,fr75>
<fixed_person-76.png, id=906, 64.24pt x 64.24pt>
File: fixed_person-76.png Graphic file (type png)
 <use fixed_person-76.png>
Package pdftex.def Info: fixed_person-76.png used on input line 172.
(pdftex.def)             Requested size: 64.23984pt x 64.23984pt.
 <./fixed_person-76.png> <a1,fr76> <fixed_person-77.png, id=915, 64.24pt x 64.2
4pt>
File: fixed_person-77.png Graphic file (type png)

<use fixed_person-77.png>
Package pdftex.def Info: fixed_person-77.png used on input line 172.
(pdftex.def)             Requested size: 64.23984pt x 64.23984pt.
 <./fixed_person-77.png> <a1,fr77>
<fixed_person-78.png, id=924, 64.24pt x 64.24pt>
File: fixed_person-78.png Graphic file (type png)
 <use fixed_person-78.png>
Package pdftex.def Info: fixed_person-78.png used on input line 172.
(pdftex.def)             Requested size: 64.23984pt x 64.23984pt.
 <./fixed_person-78.png> <a1,fr78> <fixed_person-79.png, id=933, 64.24pt x 64.2
4pt>
File: fixed_person-79.png Graphic file (type png)

<use fixed_person-79.png>
Package pdftex.def Info: fixed_person-79.png used on input line 172.
(pdftex.def)             Requested size: 64.23984pt x 64.23984pt.
 <./fixed_person-79.png> <a1,fr79>
<fixed_person-80.png, id=942, 64.24pt x 64.24pt>
File: fixed_person-80.png Graphic file (type png)
 <use fixed_person-80.png>
Package pdftex.def Info: fixed_person-80.png used on input line 172.
(pdftex.def)             Requested size: 64.23984pt x 64.23984pt.
 <./fixed_person-80.png> <a1,fr80> <fixed_person-81.png, id=951, 64.24pt x 64.2
4pt>
File: fixed_person-81.png Graphic file (type png)

<use fixed_person-81.png>
Package pdftex.def Info: fixed_person-81.png used on input line 172.
(pdftex.def)             Requested size: 64.23984pt x 64.23984pt.
 <./fixed_person-81.png> <a1,fr81>
<fixed_person-82.png, id=961, 64.24pt x 64.24pt>
File: fixed_person-82.png Graphic file (type png)
 <use fixed_person-82.png>
Package pdftex.def Info: fixed_person-82.png used on input line 172.
(pdftex.def)             Requested size: 64.23984pt x 64.23984pt.
 <./fixed_person-82.png> <a1,fr82> <fixed_person-83.png, id=970, 64.24pt x 64.2
4pt>
File: fixed_person-83.png Graphic file (type png)

<use fixed_person-83.png>
Package pdftex.def Info: fixed_person-83.png used on input line 172.
(pdftex.def)             Requested size: 64.23984pt x 64.23984pt.
 <./fixed_person-83.png> <a1,fr83>
<fixed_person-84.png, id=979, 64.24pt x 64.24pt>
File: fixed_person-84.png Graphic file (type png)
 <use fixed_person-84.png>
Package pdftex.def Info: fixed_person-84.png used on input line 172.
(pdftex.def)             Requested size: 64.23984pt x 64.23984pt.
 <./fixed_person-84.png> <a1,fr84> <fixed_person-85.png, id=988, 64.24pt x 64.2
4pt>
File: fixed_person-85.png Graphic file (type png)

<use fixed_person-85.png>
Package pdftex.def Info: fixed_person-85.png used on input line 172.
(pdftex.def)             Requested size: 64.23984pt x 64.23984pt.
 <./fixed_person-85.png> <a1,fr85>
<fixed_person-86.png, id=997, 64.24pt x 64.24pt>
File: fixed_person-86.png Graphic file (type png)
 <use fixed_person-86.png>
Package pdftex.def Info: fixed_person-86.png used on input line 172.
(pdftex.def)             Requested size: 64.23984pt x 64.23984pt.
 <./fixed_person-86.png> <a1,fr86>
<fixed_person-87.png, id=1006, 64.24pt x 64.24pt>
File: fixed_person-87.png Graphic file (type png)
 <use fixed_person-87.png>
Package pdftex.def Info: fixed_person-87.png used on input line 172.
(pdftex.def)             Requested size: 64.23984pt x 64.23984pt.
 <./fixed_person-87.png> <a1,fr87>
<fixed_person-88.png, id=1015, 64.24pt x 64.24pt>
File: fixed_person-88.png Graphic file (type png)
 <use fixed_person-88.png>
Package pdftex.def Info: fixed_person-88.png used on input line 172.
(pdftex.def)             Requested size: 64.23984pt x 64.23984pt.
 <./fixed_person-88.png> <a1,fr88>
<fixed_person-89.png, id=1024, 64.24pt x 64.24pt>
File: fixed_person-89.png Graphic file (type png)
 <use fixed_person-89.png>
Package pdftex.def Info: fixed_person-89.png used on input line 172.
(pdftex.def)             Requested size: 64.23984pt x 64.23984pt.
 <./fixed_person-89.png> <a1,fr89>
<fixed_person-90.png, id=1033, 64.24pt x 64.24pt>
File: fixed_person-90.png Graphic file (type png)
 <use fixed_person-90.png>
Package pdftex.def Info: fixed_person-90.png used on input line 172.
(pdftex.def)             Requested size: 64.23984pt x 64.23984pt.
 <./fixed_person-90.png> <a1,fr90>
<fixed_person-91.png, id=1042, 64.24pt x 64.24pt>
File: fixed_person-91.png Graphic file (type png)
 <use fixed_person-91.png>
Package pdftex.def Info: fixed_person-91.png used on input line 172.
(pdftex.def)             Requested size: 64.23984pt x 64.23984pt.
 <./fixed_person-91.png> <a1,fr91>
<fixed_person-92.png, id=1051, 64.24pt x 64.24pt>
File: fixed_person-92.png Graphic file (type png)
 <use fixed_person-92.png>
Package pdftex.def Info: fixed_person-92.png used on input line 172.
(pdftex.def)             Requested size: 64.23984pt x 64.23984pt.
 <./fixed_person-92.png> <a1,fr92>
<fixed_person-93.png, id=1060, 64.24pt x 64.24pt>
File: fixed_person-93.png Graphic file (type png)
 <use fixed_person-93.png>
Package pdftex.def Info: fixed_person-93.png used on input line 172.
(pdftex.def)             Requested size: 64.23984pt x 64.23984pt.
 <./fixed_person-93.png> <a1,fr93>
<fixed_person-94.png, id=1069, 64.24pt x 64.24pt>
File: fixed_person-94.png Graphic file (type png)
 <use fixed_person-94.png>
Package pdftex.def Info: fixed_person-94.png used on input line 172.
(pdftex.def)             Requested size: 64.23984pt x 64.23984pt.
 <./fixed_person-94.png> <a1,fr94>
<fixed_person-95.png, id=1078, 64.24pt x 64.24pt>
File: fixed_person-95.png Graphic file (type png)
 <use fixed_person-95.png>
Package pdftex.def Info: fixed_person-95.png used on input line 172.
(pdftex.def)             Requested size: 64.23984pt x 64.23984pt.
 <./fixed_person-95.png> <a1,fr95>
<fixed_person-96.png, id=1087, 64.24pt x 64.24pt>
File: fixed_person-96.png Graphic file (type png)
 <use fixed_person-96.png>
Package pdftex.def Info: fixed_person-96.png used on input line 172.
(pdftex.def)             Requested size: 64.23984pt x 64.23984pt.
 <./fixed_person-96.png> <a1,fr96>
<fixed_person-97.png, id=1096, 64.24pt x 64.24pt>
File: fixed_person-97.png Graphic file (type png)
 <use fixed_person-97.png>
Package pdftex.def Info: fixed_person-97.png used on input line 172.
(pdftex.def)             Requested size: 64.23984pt x 64.23984pt.
 <./fixed_person-97.png> <a1,fr97>
<fixed_person-98.png, id=1105, 64.24pt x 64.24pt>
File: fixed_person-98.png Graphic file (type png)
 <use fixed_person-98.png>
Package pdftex.def Info: fixed_person-98.png used on input line 172.
(pdftex.def)             Requested size: 64.23984pt x 64.23984pt.
 <./fixed_person-98.png> <a1,fr98> [6

]
\tf@nav=\write6
\openout6 = `AI_Forum_slides.nav'.

\tf@toc=\write7
\openout7 = `AI_Forum_slides.toc'.

\tf@snm=\write8
\openout8 = `AI_Forum_slides.snm'.

Package atveryend Info: Empty hook `BeforeClearDocument' on input line 174.
Package atveryend Info: Empty hook `AfterLastShipout' on input line 174.
 (./AI_Forum_slides.aux)
Package atveryend Info: Executing hook `AtVeryEndDocument' on input line 174.
Package atveryend Info: Executing hook `AtEndAfterFileList' on input line 174.
Package rerunfilecheck Info: File `AI_Forum_slides.out' has not changed.
(rerunfilecheck)             Checksum: D41D8CD98F00B204E9800998ECF8427E;0.


LaTeX Font Warning: Size substitutions with differences
(Font)              up to 1.0pt have occurred.

Package atveryend Info: Empty hook `AtVeryVeryEnd' on input line 174.
 ) 
Here is how much of TeX's memory you used:
 41336 strings out of 494953
 971685 string characters out of 6180976
 1128578 words of memory out of 5000000
 43783 multiletter control sequences out of 15000+600000
 10731 words of font info for 40 fonts, out of 8000000 for 9000
 14 hyphenation exceptions out of 8191
 54i,15n,82p,10398b,1117s stack positions out of 5000i,500n,10000p,200000b,80000s
</usr/share/texlive/texmf-dist/fonts/type1/public/amsfonts/cm/cmmi10.pfb></us
r/share/texlive/texmf-dist/fonts/type1/public/amsfonts/cm/cmss10.pfb></usr/shar
e/texlive/texmf-dist/fonts/type1/public/amsfonts/cm/cmss12.pfb></usr/share/texl
ive/texmf-dist/fonts/type1/public/amsfonts/cm/cmssi10.pfb></usr/share/texlive/t
exmf-dist/fonts/type1/public/amsfonts/cm/cmtt10.pfb>
Output written on AI_Forum_slides.pdf (6 pages, 3020677 bytes).
PDF statistics:
 1167 PDF objects out of 1200 (max. 8388607)
 603 compressed objects within 7 object streams
 14 named destinations out of 1000 (max. 500000)
 2563 words of extra memory for PDF output out of 10000 (max. 10000000)

